2018-05-14 19:36 - DEBUG - cli : 137 - 
=========================================================
Running pattern mining with the following parameters:
=========================================================
A: None
GQ: None
GQ_type: 0
KL_div: 0.01
NAN: False
config: None
epsilon: 0.0001
fasta: None
forbid_N_pairs: False
input: /Users/mledda/Desktop/pars/KL_div/hiv_1M7_partitioned.shape
k: -1
log: True
maxiter: 100
min_density: 0
model: None
motif: None
mu: None
n_tasks: -1
no_cscores: False
no_prompt: True
nogmm: False
output: /Users/mledda/Desktop/part
path: None
phi: None
pi: None
posteriors: False
reference: None
sigma: None
upsilon: None
verbose: True
viterbi: False
w: None
=========================================================
2018-05-14 19:36 - INFO - gmmhmm : 1269 - Using 4 parallel processes
2018-05-14 19:36 - INFO - cli : 160 - Loading input data         
2018-05-14 19:36 - INFO - cli : 186 - Loading input data         ... done in 00:00:00
2018-05-14 19:36 - INFO - cli : 191 - Building the training set  
2018-05-14 19:36 - INFO - cli : 197 - Building the training set  ... done in 00:00:00
2018-05-14 19:36 - INFO - cli : 207 - Training set summary - 
       Initial transcripts        91
       Passed QC                  91
       Used transcripts           49
       # Data points (in GMM)     4949
       KL div                     0.00867
2018-05-14 19:36 - DEBUG - gmmhmm : 554 - Training step with K=1 - Iter 0
pi: 
array([0.5, 0.5])
A: 
array([[0.71020019, 0.28979981],
       [0.19677996, 0.80322004]])
w: 
array([[1.],
       [1.]])
mu: 
array([[-0.45123687],
       [-1.3679634 ]], dtype=float32)
sigma: 
array([[1.2576369],
       [1.2576369]], dtype=float32)
phi: 
array([0., 0.])
upsilon: 
array([0.06587189, 0.06587189])
P(states|y): 
array([0.5, 0.5])


2018-05-14 19:36 - INFO - gmmhmm : 795 - Training with K=1 - iter #0 : logL nan
2018-05-14 19:36 - DEBUG - gmmhmm : 554 - Training step with K=1 - Iter 1
pi: 
array([0.47921243, 0.52078757])
A: 
array([[0.73880859, 0.26119141],
       [0.18334823, 0.81665177]])
w: 
array([[1.],
       [1.]])
mu: 
array([[-0.4996388 ],
       [-1.41452052]])
sigma: 
array([[0.66143262],
       [1.32473389]])
phi: 
array([0., 0.])
upsilon: 
array([0.02019123, 0.0438598 ])
P(states|y): 
array([0.42065765, 0.57934235])


2018-05-14 19:36 - INFO - gmmhmm : 795 - Training with K=1 - iter #1 : logL -8234
2018-05-14 19:36 - DEBUG - gmmhmm : 554 - Training step with K=1 - Iter 2
pi: 
array([0.47152261, 0.52847739])
A: 
array([[0.78871726, 0.21128274],
       [0.17959505, 0.82040495]])
w: 
array([[1.],
       [1.]])
mu: 
array([[-0.45221003],
       [-1.56285036]])
sigma: 
array([[0.47981887],
       [1.40333465]])
phi: 
array([0., 0.])
upsilon: 
array([0.01081783, 0.05250531])
P(states|y): 
array([0.47887603, 0.52112397])


2018-05-14 19:36 - INFO - gmmhmm : 795 - Training with K=1 - iter #2 : logL -7979
2018-05-14 19:36 - DEBUG - gmmhmm : 554 - Training step with K=1 - Iter 3
pi: 
array([0.45684629, 0.54315371])
A: 
array([[0.82083696, 0.17916304],
       [0.17122765, 0.82877235]])
w: 
array([[1.],
       [1.]])
mu: 
array([[-0.42102519],
       [-1.68389003]])
sigma: 
array([[0.41814111],
       [1.3595356 ]])
phi: 
array([0., 0.])
upsilon: 
array([0.00624463, 0.05692866])
P(states|y): 
array([0.51274598, 0.48725402])


2018-05-14 19:36 - INFO - gmmhmm : 795 - Training with K=1 - iter #3 : logL -7808
2018-05-14 19:36 - DEBUG - gmmhmm : 554 - Training step with K=1 - Iter 4
pi: 
array([0.4433462, 0.5566538])
A: 
array([[0.83530033, 0.16469967],
       [0.16345511, 0.83654489]])
w: 
array([[1.],
       [1.]])
mu: 
array([[-0.39984384],
       [-1.74132604]])
sigma: 
array([[0.39763858],
       [1.29752972]])
phi: 
array([0., 0.])
upsilon: 
array([0.00410026, 0.0588095 ])
P(states|y): 
array([0.52357448, 0.47642552])


2018-05-14 19:36 - INFO - gmmhmm : 795 - Training with K=1 - iter #4 : logL -7750
2018-05-14 19:36 - DEBUG - gmmhmm : 554 - Training step with K=1 - Iter 5
pi: 
array([0.43428001, 0.56571999])
A: 
array([[0.84065317, 0.15934683],
       [0.158364  , 0.841636  ]])
w: 
array([[1.],
       [1.]])
mu: 
array([[-0.38578264],
       [-1.76088841]])
sigma: 
array([[0.38936603],
       [1.26211433]])
phi: 
array([0., 0.])
upsilon: 
array([0.00296343, 0.05971825])
P(states|y): 
array([0.52442551, 0.47557449])


2018-05-14 19:36 - INFO - gmmhmm : 795 - Training with K=1 - iter #5 : logL -7736
2018-05-14 19:36 - DEBUG - gmmhmm : 554 - Training step with K=1 - Iter 6
pi: 
array([0.42799797, 0.57200203])
A: 
array([[0.84201677, 0.15798323],
       [0.15516381, 0.84483619]])
w: 
array([[1.],
       [1.]])
mu: 
array([[-0.37649032],
       [-1.76382985]])
sigma: 
array([[0.38452683],
       [1.24584733]])
phi: 
array([0., 0.])
upsilon: 
array([0.00225501, 0.06029181])
P(states|y): 
array([0.52173104, 0.47826896])


2018-05-14 19:36 - INFO - gmmhmm : 795 - Training with K=1 - iter #6 : logL -7733
2018-05-14 19:36 - DEBUG - gmmhmm : 554 - Training step with K=1 - Iter 7
pi: 
array([0.42297664, 0.57702336])
A: 
array([[0.84177049, 0.15822951],
       [0.15298171, 0.84701829]])
w: 
array([[1.],
       [1.]])
mu: 
array([[-0.36983743],
       [-1.76041098]])
sigma: 
array([[0.3808382 ],
       [1.23874225]])
phi: 
array([0., 0.])
upsilon: 
array([0.00175456, 0.06072491])
P(states|y): 
array([0.51796551, 0.48203449])


2018-05-14 19:36 - INFO - gmmhmm : 795 - Training with K=1 - iter #7 : logL -7732
2018-05-14 19:36 - DEBUG - gmmhmm : 554 - Training step with K=1 - Iter 8
pi: 
array([0.41857419, 0.58142581])
A: 
array([[0.84094246, 0.15905754],
       [0.15134246, 0.84865754]])
w: 
array([[1.],
       [1.]])
mu: 
array([[-0.3646128],
       [-1.7549906]])
sigma: 
array([[0.37769893],
       [1.23552538]])
phi: 
array([0., 0.])
upsilon: 
array([0.00137487, 0.06107242])
P(states|y): 
array([0.51407288, 0.48592712])


2018-05-14 19:36 - DEBUG - gmmhmm : 554 - Training step with K=2 - Iter 0
pi: 
array([0.5, 0.5])
A: 
array([[0.71020019, 0.28979981],
       [0.19677996, 0.80322004]])
w: 
array([[0.5, 0.5],
       [0.5, 0.5]])
mu: 
array([[-0.61876285, -0.10864101],
       [-1.8995203 , -1.1733688 ]], dtype=float32)
sigma: 
array([[1.2576369, 1.2576369],
       [1.2576369, 1.2576369]], dtype=float32)
phi: 
array([0., 0.])
upsilon: 
array([0.06587189, 0.06587189])
P(states|y): 
array([0.5, 0.5])


2018-05-14 19:36 - INFO - gmmhmm : 795 - Training with K=2 - iter #0 : logL nan
2018-05-14 19:36 - DEBUG - gmmhmm : 554 - Training step with K=2 - Iter 1
pi: 
array([0.49462263, 0.50537737])
A: 
array([[0.75446368, 0.24553632],
       [0.18952206, 0.81047794]])
w: 
array([[0.51010897, 0.48989103],
       [0.48900196, 0.51099804]])
mu: 
array([[-0.58601478, -0.34979123],
       [-1.82193804, -1.15278747]])
sigma: 
array([[0.65442467, 0.57800949],
       [1.49834154, 0.91776437]])
phi: 
array([0., 0.])
upsilon: 
array([0.02029499, 0.04338061])
P(states|y): 
array([0.44506102, 0.55493898])


2018-05-14 19:36 - INFO - gmmhmm : 795 - Training with K=2 - iter #1 : logL -8269
2018-05-14 19:36 - DEBUG - gmmhmm : 554 - Training step with K=2 - Iter 2
pi: 
array([0.4735587, 0.5264413])
A: 
array([[0.79697549, 0.20302451],
       [0.17821378, 0.82178622]])
w: 
array([[0.5028207 , 0.4971793 ],
       [0.49639206, 0.50360794]])
mu: 
array([[-0.52550548, -0.33943314],
       [-1.97636752, -1.23061848]])
sigma: 
array([[0.51164893, 0.41731817],
       [1.66974912, 0.77625251]])
phi: 
array([0., 0.])
upsilon: 
array([0.01125039, 0.05210645])
P(states|y): 
array([0.4866236, 0.5133764])


2018-05-14 19:36 - INFO - gmmhmm : 795 - Training with K=2 - iter #2 : logL -7886
2018-05-14 19:36 - DEBUG - gmmhmm : 554 - Training step with K=2 - Iter 3
pi: 
array([0.446909, 0.553091])
A: 
array([[0.82268983, 0.17731017],
       [0.16291485, 0.83708515]])
w: 
array([[0.49613821, 0.50386179],
       [0.49390038, 0.50609962]])
mu: 
array([[-0.48171811, -0.30724451],
       [-2.07240119, -1.30416714]])
sigma: 
array([[0.46365071, 0.3632907 ],
       [1.64387986, 0.66820833]])
phi: 
array([0., 0.])
upsilon: 
array([0.00628088, 0.05698861])
P(states|y): 
array([0.5021828, 0.4978172])


2018-05-14 19:36 - INFO - gmmhmm : 795 - Training with K=2 - iter #3 : logL -7729
2018-05-14 19:36 - DEBUG - gmmhmm : 554 - Training step with K=2 - Iter 4
pi: 
array([0.42669414, 0.57330586])
A: 
array([[0.83437186, 0.16562814],
       [0.15114491, 0.84885509]])
w: 
array([[0.49108505, 0.50891495],
       [0.4837527 , 0.5162473 ]])
mu: 
array([[-0.45128482, -0.27613273],
       [-2.11437816, -1.34430055]])
sigma: 
array([[0.4452299 , 0.33651883],
       [1.61918606, 0.5878754 ]])
phi: 
array([0., 0.])
upsilon: 
array([0.00377382, 0.05922156])
P(states|y): 
array([0.50185052, 0.49814948])


2018-05-14 19:36 - INFO - gmmhmm : 795 - Training with K=2 - iter #4 : logL -7665
2018-05-14 19:36 - DEBUG - gmmhmm : 554 - Training step with K=2 - Iter 5
pi: 
array([0.41333028, 0.58666972])
A: 
array([[0.83782339, 0.16217661],
       [0.14408838, 0.85591162]])
w: 
array([[0.48707502, 0.51292498],
       [0.47069689, 0.52930311]])
mu: 
array([[-0.43177732, -0.25007121],
       [-2.13335278, -1.35981471]])
sigma: 
array([[0.43643979, 0.31765147],
       [1.62413007, 0.53503249]])
phi: 
array([0., 0.])
upsilon: 
array([0.00243974, 0.06032047])
P(states|y): 
array([0.49566321, 0.50433679])


2018-05-14 19:36 - INFO - gmmhmm : 795 - Training with K=2 - iter #5 : logL -7637
2018-05-14 19:36 - DEBUG - gmmhmm : 554 - Training step with K=2 - Iter 6
pi: 
array([0.40387841, 0.59612159])
A: 
array([[0.83726207, 0.16273793],
       [0.14018969, 0.85981031]])
w: 
array([[0.48363548, 0.51636452],
       [0.45756785, 0.54243215]])
mu: 
array([[-0.41997284, -0.22816425],
       [-2.14491111, -1.36321307]])
sigma: 
array([[0.4313692 , 0.30186206],
       [1.64085802, 0.50251504]])
phi: 
array([0., 0.])
upsilon: 
array([0.00165075, 0.06097313])
P(states|y): 
array([0.48818484, 0.51181516])


2018-05-14 19:36 - INFO - gmmhmm : 795 - Training with K=2 - iter #6 : logL -7623
2018-05-14 19:36 - DEBUG - gmmhmm : 554 - Training step with K=2 - Iter 7
pi: 
array([0.39640454, 0.60359546])
A: 
array([[0.8350752 , 0.1649248 ],
       [0.13802068, 0.86197932]])
w: 
array([[0.48052088, 0.51947912],
       [0.44544539, 0.55455461]])
mu: 
array([[-0.41341137, -0.20908238],
       [-2.15505916, -1.36140244]])
sigma: 
array([[0.42826521, 0.28802849],
       [1.65755757, 0.4831288 ]])
phi: 
array([0., 0.])
upsilon: 
array([0.00114107, 0.06141942])
P(states|y): 
array([0.48108544, 0.51891456])


2018-05-14 19:36 - INFO - gmmhmm : 795 - Training with K=2 - iter #7 : logL -7615
2018-05-14 19:36 - DEBUG - gmmhmm : 554 - Training step with K=2 - Iter 8
pi: 
array([0.39011799, 0.60988201])
A: 
array([[0.83246057, 0.16753943],
       [0.13670735, 0.86329265]])
w: 
array([[0.47763567, 0.52236433],
       [0.43451675, 0.56548325]])
mu: 
array([[-0.41062211, -0.19200405],
       [-2.16561609, -1.35745292]])
sigma: 
array([[0.42651332, 0.27584562],
       [1.67040364, 0.47191219]])
phi: 
array([0., 0.])
upsilon: 
array([0.00079388, 0.06174525])
P(states|y): 
array([0.47483521, 0.52516479])


2018-05-14 19:36 - INFO - gmmhmm : 795 - Training with K=2 - iter #8 : logL -7609
2018-05-14 19:36 - DEBUG - gmmhmm : 554 - Training step with K=2 - Iter 9
pi: 
array([0.38476158, 0.61523842])
A: 
array([[0.82998193, 0.17001807],
       [0.135766  , 0.864234  ]])
w: 
array([[0.47495184, 0.52504816],
       [0.4246571 , 0.5753429 ]])
mu: 
array([[-0.41071027, -0.17647003],
       [-2.17685373, -1.35268187]])
sigma: 
array([[0.42580515, 0.26514076],
       [1.67925293, 0.46576608]])
phi: 
array([0., 0.])
upsilon: 
array([0.0005513 , 0.06198925])
P(states|y): 
array([0.46946693, 0.53053307])


2018-05-14 19:36 - INFO - gmmhmm : 795 - Training with K=2 - iter #9 : logL -7605
2018-05-14 19:36 - DEBUG - gmmhmm : 554 - Training step with K=2 - Iter 10
pi: 
array([0.38024611, 0.61975389])
A: 
array([[0.82788416, 0.17211584],
       [0.1349411 , 0.8650589 ]])
w: 
array([[0.47246357, 0.52753643],
       [0.41568324, 0.58431676]])
mu: 
array([[-0.41306159, -0.16220414],
       [-2.18859665, -1.34767729]])
sigma: 
array([[0.42591306, 0.25574257],
       [1.68503071, 0.46280034]])
phi: 
array([0., 0.])
upsilon: 
array([0.00038046, 0.06217373])
P(states|y): 
array([0.46488161, 0.53511839])


2018-05-14 19:36 - INFO - gmmhmm : 795 - Training with K=2 - iter #10 : logL -7601
2018-05-14 19:36 - DEBUG - gmmhmm : 554 - Training step with K=2 - Iter 11
pi: 
array([0.3765095, 0.6234905])
A: 
array([[0.82625105, 0.17374895],
       [0.13410664, 0.86589336]])
w: 
array([[0.47016842, 0.52983158],
       [0.40743547, 0.59256453]])
mu: 
array([[-0.41720319, -0.14902384],
       [-2.20060644, -1.34271893]])
sigma: 
array([[0.42663617, 0.24747788],
       [1.68870945, 0.46186249]])
phi: 
array([0., 0.])
upsilon: 
array([0.00026037, 0.06231381])
P(states|y): 
array([0.46095794, 0.53904206])


2018-05-14 19:36 - INFO - gmmhmm : 795 - Training with K=2 - iter #11 : logL -7598
2018-05-14 19:36 - DEBUG - gmmhmm : 554 - Training step with K=2 - Iter 12
pi: 
array([0.37347926, 0.62652074])
A: 
array([[0.82508395, 0.17491605],
       [0.13320932, 0.86679068]])
w: 
array([[0.46806163, 0.53193837],
       [0.39979204, 0.60020796]])
mu: 
array([[-0.4227438 , -0.13680068],
       [-2.21268537, -1.33794712]])
sigma: 
array([[0.42779255, 0.24018645],
       [1.69103542, 0.46224258]])
phi: 
array([0., 0.])
upsilon: 
array([0.00017658, 0.06242069])
P(states|y): 
array([0.45758531, 0.54241469])


2018-05-14 19:36 - INFO - gmmhmm : 795 - Training with K=2 - iter #12 : logL -7595
2018-05-14 19:36 - DEBUG - gmmhmm : 554 - Training step with K=2 - Iter 13
pi: 
array([0.37107117, 0.62892883])
A: 
array([[0.82434313, 0.17565687],
       [0.13223559, 0.86776441]])
w: 
array([[0.46613536, 0.53386464],
       [0.39266327, 0.60733673]])
mu: 
array([[-0.42934722, -0.12544109],
       [-2.22468915, -1.33343338]])
sigma: 
array([[0.42922062, 0.23372983],
       [1.69252025, 0.46349547]])
phi: 
array([0., 0.])
upsilon: 
array([0.00011869, 0.06250289])
P(states|y): 
array([0.4546704, 0.5453296])


2018-05-14 19:36 - INFO - gmmhmm : 795 - Training with K=2 - iter #13 : logL -7592
2018-05-14 19:36 - DEBUG - gmmhmm : 554 - Training step with K=2 - Iter 14
pi: 
array([0.36919625, 0.63080375])
A: 
array([[0.82397041, 0.17602959],
       [0.13119239, 0.86880761]])
w: 
array([[0.46437935, 0.53562065],
       [0.3859825 , 0.6140175 ]])
mu: 
array([[-0.43671952, -0.11487529],
       [-2.23651657, -1.32921236]])
sigma: 
array([[0.43078111, 0.2279934 ],
       [1.69349855, 0.46533546]])
phi: 
array([0., 0.])
upsilon: 
array([7.91098550e-05, 6.25669322e-02])
P(states|y): 
array([0.45213589, 0.54786411])


2018-05-14 19:36 - INFO - gmmhmm : 795 - Training with K=2 - iter #14 : logL -7590
2018-05-14 19:36 - DEBUG - gmmhmm : 554 - Training step with K=2 - Iter 15
pi: 
array([0.36776724, 0.63223276])
A: 
array([[0.82390181, 0.17609819],
       [0.13009607, 0.86990393]])
w: 
array([[0.46278179, 0.53721821],
       [0.37969865, 0.62030135]])
mu: 
array([[-0.44460267, -0.10504954],
       [-2.2480975 , -1.3252978 ]])
sigma: 
array([[0.43235758, 0.22288401],
       [1.69418559, 0.46757406]])
phi: 
array([0., 0.])
upsilon: 
array([5.23373130e-05, 6.26177416e-02])
P(states|y): 
array([0.44991763, 0.55008237])


2018-05-14 19:36 - INFO - gmmhmm : 795 - Training with K=2 - iter #15 : logL -7588
2018-05-14 19:36 - DEBUG - gmmhmm : 554 - Training step with K=2 - Iter 16
pi: 
array([0.36670279, 0.63329721])
A: 
array([[0.82407468, 0.17592532],
       [0.12896626, 0.87103374]])
w: 
array([[0.46133015, 0.53866985],
       [0.37377103, 0.62622897]])
mu: 
array([[-0.45277168, -0.09592052],
       [-2.25938428, -1.32169158]])
sigma: 
array([[0.43385649, 0.2183261 ],
       [1.69471967, 0.47008323]])
phi: 
array([0., 0.])
upsilon: 
array([3.43989660e-05, 6.26589426e-02])
P(states|y): 
array([0.44796231, 0.55203769])


2018-05-14 19:36 - INFO - gmmhmm : 795 - Training with K=2 - iter #16 : logL -7587
2018-05-14 19:36 - DEBUG - gmmhmm : 554 - Training step with K=2 - Iter 17
pi: 
array([0.36592958, 0.63407042])
A: 
array([[0.82443135, 0.17556865],
       [0.12782255, 0.87217745]])
w: 
array([[0.46001168, 0.53998832],
       [0.36816614, 0.63183386]])
mu: 
array([[-0.46103319, -0.08745135],
       [-2.27034555, -1.31838863]])
sigma: 
array([[0.43520615, 0.21425776],
       [1.69519003, 0.47277338]])
phi: 
array([0., 0.])
upsilon: 
array([2.24815544e-05, 6.26931412e-02])
P(states|y): 
array([0.44622549, 0.55377451])


2018-05-14 19:36 - INFO - gmmhmm : 795 - Training with K=2 - iter #17 : logL -7585
2018-05-14 19:36 - DEBUG - gmmhmm : 554 - Training step with K=2 - Iter 18
pi: 
array([0.36538307, 0.63461693])
A: 
array([[0.82492098, 0.17507902],
       [0.12668279, 0.87331721]])
w: 
array([[0.45881392, 0.54118608],
       [0.36285553, 0.63714447]])
mu: 
array([[-0.46922471, -0.07960853],
       [-2.28096182, -1.31538021]])
sigma: 
array([[0.43635521, 0.21062713],
       [1.69565504, 0.4755804 ]])
phi: 
array([0., 0.])
upsilon: 
array([1.46220941e-05, 6.27221650e-02])
P(states|y): 
array([0.44467025, 0.55532975])


2018-05-14 19:36 - INFO - gmmhmm : 795 - Training with K=2 - iter #18 : logL -7584
2018-05-14 19:36 - DEBUG - gmmhmm : 554 - Training step with K=2 - Iter 19
pi: 
array([0.36500779, 0.63499221])
A: 
array([[0.82550012, 0.17449988],
       [0.12556242, 0.87443758]])
w: 
array([[0.457725  , 0.542275  ],
       [0.35781452, 0.64218548]])
mu: 
array([[-0.47721372, -0.07236014],
       [-2.29122329, -1.31265599]])
sigma: 
array([[0.4372704 , 0.2073897 ],
       [1.69615286, 0.47845736]])
phi: 
array([0., 0.])
upsilon: 
array([9.47106408e-06, 6.27472644e-02])
P(states|y): 
array([0.44326623, 0.55673377])


2018-05-14 19:36 - INFO - gmmhmm : 795 - Training with K=2 - iter #19 : logL -7582
2018-05-14 19:36 - DEBUG - gmmhmm : 554 - Training step with K=2 - Iter 20
pi: 
array([0.36475701, 0.63524299])
A: 
array([[0.82613269, 0.17386731],
       [0.12447422, 0.87552578]])
w: 
array([[0.45673394, 0.54326606],
       [0.35302132, 0.64697868]])
mu: 
array([[-0.48489648, -0.06567464],
       [-2.30112754, -1.31020487]])
sigma: 
array([[0.4379343 , 0.20450635],
       [1.69670853, 0.48136949]])
phi: 
array([0., 0.])
upsilon: 
array([6.11282203e-06, 6.27692811e-02])
P(states|y): 
array([0.4419887, 0.5580113])


2018-05-14 19:36 - INFO - gmmhmm : 795 - Training with K=2 - iter #20 : logL -7581
2018-05-14 19:36 - DEBUG - gmmhmm : 554 - Training step with K=2 - Iter 21
pi: 
array([0.36459222, 0.63540778])
A: 
array([[0.82678957, 0.17321043],
       [0.12342833, 0.87657167]])
w: 
array([[0.45583077, 0.54416923],
       [0.34845658, 0.65154342]])
mu: 
array([[-0.49219583, -0.05952034],
       [-2.31067789, -1.30801558]])
sigma: 
array([[0.43834242, 0.20194206],
       [1.69733832, 0.48429067]])
phi: 
array([0., 0.])
upsilon: 
array([3.93307817e-06, 6.27887759e-02])
P(states|y): 
array([0.44081784, 0.55918216])


2018-05-14 19:36 - INFO - gmmhmm : 795 - Training with K=2 - iter #21 : logL -7580
2018-05-14 19:36 - DEBUG - gmmhmm : 554 - Training step with K=2 - Iter 22
pi: 
array([0.36448259, 0.63551741])
A: 
array([[0.82744793, 0.17255207],
       [0.12243245, 0.87756755]])
w: 
array([[0.45500665, 0.54499335],
       [0.34410286, 0.65589714]])
mu: 
array([[-0.49905871, -0.05386526],
       [-2.31988245, -1.30607717]])
sigma: 
array([[0.43850047, 0.19966503],
       [1.69805243, 0.48720125]])
phi: 
array([0., 0.])
upsilon: 
array([2.52358385e-06, 6.28061198e-02])
P(states|y): 
array([0.43973809, 0.56026191])


2018-05-14 19:36 - INFO - gmmhmm : 795 - Training with K=2 - iter #22 : logL -7579
2018-05-14 19:36 - DEBUG - gmmhmm : 554 - Training step with K=2 - Iter 23
pi: 
array([0.36440409, 0.63559591])
A: 
array([[0.82809043, 0.17190957],
       [0.12149207, 0.87850793]])
w: 
array([[0.45425392, 0.54574608],
       [0.33994447, 0.66005553]])
mu: 
array([[-0.50545294, -0.04867724],
       [-2.32875254, -1.3043788 ]])
sigma: 
array([[0.43842173, 0.19764614],
       [1.698857  , 0.49008642]])
phi: 
array([0., 0.])
upsilon: 
array([1.61511623e-06, 6.28215643e-02])
P(states|y): 
array([0.43873739, 0.56126261])


2018-05-14 19:36 - INFO - gmmhmm : 795 - Training with K=2 - iter #23 : logL -7579
2018-05-14 19:36 - DEBUG - gmmhmm : 554 - Training step with K=2 - Iter 24
pi: 
array([0.36433882, 0.63566118])
A: 
array([[0.82870451, 0.17129549],
       [0.12061081, 0.87938919]])
w: 
array([[0.45356604, 0.54643396],
       [0.33596713, 0.66403287]])
mu: 
array([[-0.51136403, -0.04392429],
       [-2.3373025 , -1.30290991]])
sigma: 
array([[0.43812471, 0.19585878],
       [1.69975489, 0.49293504]])
phi: 
array([0., 0.])
upsilon: 
array([1.03125476e-06, 6.28352863e-02])
P(states|y): 
array([0.43780668, 0.56219332])


2018-05-14 19:36 - DEBUG - gmmhmm : 554 - Training step with K=3 - Iter 0
pi: 
array([0.5, 0.5])
A: 
array([[0.71020019, 0.28979981],
       [0.19677996, 0.80322004]])
w: 
array([[0.33333333, 0.33333333, 0.33333333],
       [0.33333333, 0.33333333, 0.33333333]])
mu: 
array([[-0.69704354, -0.32886562,  0.06654336],
       [-2.206413  , -1.5489417 , -1.0765845 ]], dtype=float32)
sigma: 
array([[1.2576369, 1.2576369, 1.2576369],
       [1.2576369, 1.2576369, 1.2576369]], dtype=float32)
phi: 
array([0., 0.])
upsilon: 
array([0.06587189, 0.06587189])
P(states|y): 
array([0.5, 0.5])


2018-05-14 19:36 - INFO - gmmhmm : 795 - Training with K=3 - iter #0 : logL nan
2018-05-14 19:36 - DEBUG - gmmhmm : 554 - Training step with K=3 - Iter 1
pi: 
array([0.50007171, 0.49992829])
A: 
array([[0.75955669, 0.24044331],
       [0.19192607, 0.80807393]])
w: 
array([[0.34340981, 0.34066537, 0.31592482],
       [0.31248715, 0.33882891, 0.34868394]])
mu: 
array([[-0.63119109, -0.45423371, -0.29191305],
       [-2.08150791, -1.41440478, -1.07147905]])
sigma: 
array([[0.65902013, 0.57396075, 0.60623612],
       [1.62547052, 1.04412069, 0.81660771]])
phi: 
array([0., 0.])
upsilon: 
array([0.02035974, 0.04317529])
P(states|y): 
array([0.4537086, 0.5462914])


2018-05-14 19:36 - INFO - gmmhmm : 795 - Training with K=3 - iter #1 : logL -8304
2018-05-14 19:36 - DEBUG - gmmhmm : 554 - Training step with K=3 - Iter 2
pi: 
array([0.47494924, 0.52505076])
A: 
array([[0.79939093, 0.20060907],
       [0.1779763 , 0.8220237 ]])
w: 
array([[0.33692245, 0.34455652, 0.31852103],
       [0.32043833, 0.33656113, 0.34300054]])
mu: 
array([[-0.56222121, -0.41581128, -0.30220018],
       [-2.23971754, -1.47871537, -1.15206233]])
sigma: 
array([[0.52922784, 0.4384062 , 0.42305862],
       [1.85034639, 0.9103694 , 0.69719933]])
phi: 
array([0., 0.])
upsilon: 
array([0.01145001, 0.05192847])
P(states|y): 
array([0.48916935, 0.51083065])


2018-05-14 19:36 - INFO - gmmhmm : 795 - Training with K=3 - iter #2 : logL -7861
2018-05-14 19:36 - DEBUG - gmmhmm : 554 - Training step with K=3 - Iter 3
pi: 
array([0.44557574, 0.55442426])
A: 
array([[0.82343424, 0.17656576],
       [0.16106303, 0.83893697]])
w: 
array([[0.33046862, 0.34588852, 0.32364286],
       [0.31970117, 0.33902788, 0.34127094]])
mu: 
array([[-0.51222346, -0.37226493, -0.27172193],
       [-2.3277555 , -1.53728031, -1.22920844]])
sigma: 
array([[0.4855367 , 0.39143486, 0.36114983],
       [1.83802887, 0.79220138, 0.62077571]])
phi: 
array([0., 0.])
upsilon: 
array([0.00636123, 0.05692794])
P(states|y): 
array([0.50020346, 0.49979654])


2018-05-14 19:36 - INFO - gmmhmm : 795 - Training with K=3 - iter #3 : logL -7707
2018-05-14 19:36 - DEBUG - gmmhmm : 554 - Training step with K=3 - Iter 4
pi: 
array([0.42436565, 0.57563435])
A: 
array([[0.83424258, 0.16575742],
       [0.14907305, 0.85092695]])
w: 
array([[0.325669  , 0.34638652, 0.32794449],
       [0.31283964, 0.34307553, 0.34408483]])
mu: 
array([[-0.48006794, -0.33747262, -0.24147145],
       [-2.36667405, -1.56279169, -1.27279576]])
sigma: 
array([[0.46826639, 0.36783858, 0.32871879],
       [1.82825577, 0.70932797, 0.56319377]])
phi: 
array([0., 0.])
upsilon: 
array([0.0037733 , 0.05922082])
P(states|y): 
array([0.49806633, 0.50193367])


2018-05-14 19:36 - INFO - gmmhmm : 795 - Training with K=3 - iter #4 : logL -7642
2018-05-14 19:36 - DEBUG - gmmhmm : 554 - Training step with K=3 - Iter 5
pi: 
array([0.41067782, 0.58932218])
A: 
array([[0.83702498, 0.16297502],
       [0.14245507, 0.85754493]])
w: 
array([[0.3220851 , 0.34649511, 0.33141979],
       [0.30438047, 0.34693111, 0.34868843]])
mu: 
array([[-0.46196465, -0.31146196, -0.21639013],
       [-2.38723903, -1.56872724, -1.29013433]])
sigma: 
array([[0.46111254, 0.3520895 , 0.30629961],
       [1.84247505, 0.66028719, 0.52525313]])
phi: 
array([0., 0.])
upsilon: 
array([0.00241181, 0.06034041])
P(states|y): 
array([0.491483, 0.508517])


2018-05-14 19:36 - INFO - gmmhmm : 795 - Training with K=3 - iter #5 : logL -7615
2018-05-14 19:36 - DEBUG - gmmhmm : 554 - Training step with K=3 - Iter 6
pi: 
array([0.40112258, 0.59887742])
A: 
array([[0.8359718 , 0.1640282 ],
       [0.13910619, 0.86089381]])
w: 
array([[0.31925889, 0.34637617, 0.33436494],
       [0.29640522, 0.35020591, 0.35338887]])
mu: 
array([[-0.45345893, -0.29163868, -0.19547188],
       [-2.40156546, -1.56736277, -1.29360594]])
sigma: 
array([[0.45854165, 0.33976836, 0.2886474 ],
       [1.86056147, 0.63372387, 0.50182843]])
phi: 
array([0., 0.])
upsilon: 
array([0.00161813, 0.06100159])
P(states|y): 
array([0.48419315, 0.51580685])


2018-05-14 19:36 - INFO - gmmhmm : 795 - Training with K=3 - iter #6 : logL -7603
2018-05-14 19:36 - DEBUG - gmmhmm : 554 - Training step with K=3 - Iter 7
pi: 
array([0.39363553, 0.60636447])
A: 
array([[0.8335249 , 0.1664751 ],
       [0.13734765, 0.86265235]])
w: 
array([[0.31692361, 0.3461013 , 0.33697509],
       [0.28940257, 0.3529602 , 0.35763723]])
mu: 
array([[-0.45131055, -0.27587662, -0.17733611],
       [-2.4140054 , -1.56420659, -1.29052471]])
sigma: 
array([[0.45842209, 0.32952188, 0.27407004],
       [1.87329462, 0.62038225, 0.48717669]])
phi: 
array([0., 0.])
upsilon: 
array([0.00111084, 0.06145472])
P(states|y): 
array([0.47746114, 0.52253886])


2018-05-14 19:36 - INFO - gmmhmm : 795 - Training with K=3 - iter #7 : logL -7597
2018-05-14 19:36 - DEBUG - gmmhmm : 554 - Training step with K=3 - Iter 8
pi: 
array([0.38740084, 0.61259916])
A: 
array([[0.83088187, 0.16911813],
       [0.1362443 , 0.8637557 ]])
w: 
array([[0.31495133, 0.34570615, 0.33934252],
       [0.28328229, 0.35533214, 0.36138557]])
mu: 
array([[-0.45354531, -0.26290441, -0.16112337],
       [-2.4259545 , -1.56121204, -1.28436979]])
sigma: 
array([[0.45979948, 0.32083898, 0.26180463],
       [1.87982592, 0.6145895 , 0.4774196 ]])
phi: 
array([0., 0.])
upsilon: 
array([0.00076779, 0.06178698])
P(states|y): 
array([0.4715871, 0.5284129])


2018-05-14 19:36 - INFO - gmmhmm : 795 - Training with K=3 - iter #8 : logL -7592
2018-05-14 19:36 - DEBUG - gmmhmm : 554 - Training step with K=3 - Iter 9
pi: 
array([0.38215871, 0.61784129])
A: 
array([[0.82856272, 0.17143728],
       [0.13534049, 0.86465951]])
w: 
array([[0.31328035, 0.34521089, 0.34150876],
       [0.27784756, 0.35743563, 0.36471681]])
mu: 
array([[-0.45894597, -0.2519861 , -0.14634682],
       [-2.43774201, -1.55899674, -1.27673629]])
sigma: 
array([[0.46216229, 0.31343495, 0.25136383],
       [1.88188332, 0.613133  , 0.47030154]])
phi: 
array([0., 0.])
upsilon: 
array([0.00052966, 0.06203617])
P(states|y): 
array([0.46655338, 0.53344662])


2018-05-14 19:36 - INFO - gmmhmm : 795 - Training with K=3 - iter #9 : logL -7588
2018-05-14 19:36 - DEBUG - gmmhmm : 554 - Training step with K=3 - Iter 10
pi: 
array([0.37781305, 0.62218695])
A: 
array([[0.82675288, 0.17324712],
       [0.13443583, 0.86556417]])
w: 
array([[0.31187438, 0.34462931, 0.34349631],
       [0.27293236, 0.35934891, 0.36771874]])
mu: 
array([[-0.46669416, -0.24266792, -0.13271593],
       [-2.44936401, -1.55773861, -1.26836926]])
sigma: 
array([[0.46518379, 0.30709277, 0.24237917],
       [1.88127102, 0.61422734, 0.46457524]])
phi: 
array([0., 0.])
upsilon: 
array([0.00036316, 0.06222416])
P(states|y): 
array([0.46225853, 0.53774147])


2018-05-14 19:36 - INFO - gmmhmm : 795 - Training with K=3 - iter #10 : logL -7585
2018-05-14 19:36 - DEBUG - gmmhmm : 554 - Training step with K=3 - Iter 11
pi: 
array([0.37428886, 0.62571114])
A: 
array([[0.82547985, 0.17452015],
       [0.13345657, 0.86654343]])
w: 
array([[0.31070502, 0.34397317, 0.34532181],
       [0.26841808, 0.36112402, 0.3704579 ]])
mu: 
array([[-0.47618678, -0.23464755, -0.12004339],
       [-2.46073903, -1.55747791, -1.25962553]])
sigma: 
array([[0.46862803, 0.30163   , 0.2345623 ],
       [1.87927994, 0.61687158, 0.45955857]])
phi: 
array([0., 0.])
upsilon: 
array([0.00024707, 0.06236639])
P(states|y): 
array([0.45859158, 0.54140842])


2018-05-14 19:36 - INFO - gmmhmm : 795 - Training with K=3 - iter #11 : logL -7583
2018-05-14 19:36 - DEBUG - gmmhmm : 554 - Training step with K=3 - Iter 12
pi: 
array([0.3714996, 0.6285004])
A: 
array([[0.82470046, 0.17529954],
       [0.13238844, 0.86761156]])
w: 
array([[0.30974544, 0.34325422, 0.34700035],
       [0.26422179, 0.36279677, 0.37298145]])
mu: 
array([[-0.48694671, -0.22771079, -0.1082001 ],
       [-2.47178446, -1.55821078, -1.25067686]])
sigma: 
array([[0.47231336, 0.29689337, 0.22768918],
       [1.87672954, 0.62048797, 0.45487398]])
phi: 
array([0., 0.])
upsilon: 
array([0.00016676, 0.06247464])
P(states|y): 
array([0.45545169, 0.54454831])


2018-05-14 19:36 - INFO - gmmhmm : 795 - Training with K=3 - iter #12 : logL -7581
2018-05-14 19:36 - DEBUG - gmmhmm : 554 - Training step with K=3 - Iter 13
pi: 
array([0.3693495, 0.6306505])
A: 
array([[0.8243438 , 0.1756562 ],
       [0.13124293, 0.86875707]])
w: 
array([[0.30896844, 0.34248504, 0.34854652],
       [0.26028338, 0.36439329, 0.37532334]])
mu: 
array([[-0.49857849, -0.22169874, -0.09709253],
       [-2.48243493, -1.55991694, -1.24160397]])
sigma: 
array([[0.47609655, 0.29275692, 0.2215877 ],
       [1.87412188, 0.62472651, 0.45030671]])
phi: 
array([0., 0.])
upsilon: 
array([0.00011172, 0.06255803])
P(states|y): 
array([0.45275146, 0.54724854])


2018-05-14 19:36 - INFO - gmmhmm : 795 - Training with K=3 - iter #13 : logL -7579
2018-05-14 19:36 - DEBUG - gmmhmm : 554 - Training step with K=3 - Iter 14
pi: 
array([0.36774179, 0.63225821])
A: 
array([[0.82433214, 0.17566786],
       [0.13004084, 0.86995916]])
w: 
array([[0.30834631, 0.34167909, 0.3499746 ],
       [0.25655684, 0.36593395, 0.37750921]])
mu: 
array([[-0.51074608, -0.21648944, -0.08664988],
       [-2.4926446 , -1.56256843, -1.23244185]])
sigma: 
array([[0.47986509, 0.28911876, 0.21612631],
       [1.87176575, 0.62936064, 0.44573027]])
phi: 
array([0., 0.])
upsilon: 
array([7.43646198e-05, 6.26235249e-02])
P(states|y): 
array([0.45041585, 0.54958415])


2018-05-14 19:36 - INFO - gmmhmm : 795 - Training with K=3 - iter #14 : logL -7577
2018-05-14 19:36 - DEBUG - gmmhmm : 554 - Training step with K=3 - Iter 15
pi: 
array([0.36658475, 0.63341525])
A: 
array([[0.82459067, 0.17540933],
       [0.1288046 , 0.8711954 ]])
w: 
array([[0.30785105, 0.34085054, 0.35129842],
       [0.25300514, 0.36743554, 0.37955931]])
mu: 
array([[-0.52316163, -0.21198637, -0.07681628],
       [-2.50238391, -1.56613204, -1.22320311]])
sigma: 
array([[0.4835327 , 0.28589735, 0.21120407],
       [1.86985682, 0.63423213, 0.4410682 ]])
phi: 
array([0., 0.])
upsilon: 
array([4.92355464e-05, 6.26762940e-02])
P(states|y): 
array([0.44838035, 0.55161965])


2018-05-14 19:36 - INFO - gmmhmm : 795 - Training with K=3 - iter #15 : logL -7575
2018-05-14 19:36 - DEBUG - gmmhmm : 554 - Training step with K=3 - Iter 16
pi: 
array([0.36579498, 0.63420502])
A: 
array([[0.82505188, 0.17494812],
       [0.12755496, 0.87244504]])
w: 
array([[0.30745511, 0.34001369, 0.3525312 ],
       [0.24959725, 0.36891252, 0.38149023]])
mu: 
array([[-0.53558032, -0.20811109, -0.06754551],
       [-2.51163742, -1.57057096, -1.21389008]])
sigma: 
array([[0.48703673, 0.28302738, 0.20674259],
       [1.86852329, 0.63922116, 0.43627413]])
phi: 
array([0., 0.])
upsilon: 
array([3.24591586e-05, 6.27200819e-02])
P(states|y): 
array([0.44658954, 0.55341046])


2018-05-14 19:36 - INFO - gmmhmm : 795 - Training with K=3 - iter #16 : logL -7574
2018-05-14 19:36 - DEBUG - gmmhmm : 554 - Training step with K=3 - Iter 17
pi: 
array([0.36529851, 0.63470149])
A: 
array([[0.82565706, 0.17434294],
       [0.12630977, 0.87369023]])
w: 
array([[0.30713214, 0.33918246, 0.35368539],
       [0.24630658, 0.3703778 , 0.38331562]])
mu: 
array([[-0.5477976 , -0.20479817, -0.05879785],
       [-2.52040066, -1.57584493, -1.20450206]])
sigma: 
array([[0.49033595, 0.28045627, 0.20267978],
       [1.86785339, 0.64423037, 0.43132127]])
phi: 
array([0., 0.])
upsilon: 
array([2.13293288e-05, 6.27575256e-02])
P(states|y): 
array([0.44499596, 0.55500404])


2018-05-14 19:36 - INFO - gmmhmm : 795 - Training with K=3 - iter #17 : logL -7572
2018-05-14 19:36 - DEBUG - gmmhmm : 554 - Training step with K=3 - Iter 18
pi: 
array([0.36503095, 0.63496905])
A: 
array([[0.82635653, 0.17364347],
       [0.12508371, 0.87491629]])
w: 
array([[0.30685761, 0.33836987, 0.35477252],
       [0.24311001, 0.37184303, 0.38504696]])
mu: 
array([[-0.55964764, -0.20199171, -0.05053768],
       [-2.52867866, -1.58191062, -1.19503864]])
sigma: 
array([[0.49340793, 0.27814127, 0.19896531],
       [1.86790993, 0.64917521, 0.42619711]])
phi: 
array([0., 0.])
upsilon: 
array([1.39821731e-05, 6.27904384e-02])
P(states|y): 
array([0.44355924, 0.55644076])


2018-05-14 19:36 - INFO - gmmhmm : 795 - Training with K=3 - iter #18 : logL -7571
2018-05-14 19:36 - DEBUG - gmmhmm : 554 - Training step with K=3 - Iter 19
pi: 
array([0.36493708, 0.63506292])
A: 
array([[0.82710925, 0.17289075],
       [0.12388845, 0.87611155]])
w: 
array([[0.30660939, 0.33758755, 0.35580306],
       [0.23998745, 0.37331894, 0.3866936 ]])
mu: 
array([[-0.57100146, -0.19964282, -0.0427323 ],
       [-2.53648433, -1.58872147, -1.18550175]])
sigma: 
array([[0.49624652, 0.27604716, 0.19555726],
       [1.86873927, 0.65397926, 0.42089961]])
phi: 
array([0., 0.])
upsilon: 
array([9.15036413e-06, 6.28200394e-02])
P(states|y): 
array([0.4422455, 0.5577545])


2018-05-14 19:36 - INFO - gmmhmm : 795 - Training with K=3 - iter #19 : logL -7570
2018-05-14 19:36 - DEBUG - gmmhmm : 554 - Training step with K=3 - Iter 20
pi: 
array([0.36497032, 0.63502968])
A: 
array([[0.82788215, 0.17211785],
       [0.12273291, 0.87726709]])
w: 
array([[0.3063682 , 0.33684539, 0.3567864 ],
       [0.23692144, 0.37481541, 0.38826315]])
mu: 
array([[-0.58176474, -0.1977081 , -0.03535089],
       [-2.54383771, -1.59622732, -1.17589663]])
sigma: 
array([[0.498859  , 0.27414437, 0.19241998],
       [1.87037609, 0.65857116, 0.41543514]])
phi: 
array([0., 0.])
upsilon: 
array([5.98149065e-06, 6.28471335e-02])
P(states|y): 
array([0.44102673, 0.55897327])


2018-05-14 19:36 - INFO - gmmhmm : 795 - Training with K=3 - iter #20 : logL -7569
2018-05-14 19:36 - DEBUG - gmmhmm : 554 - Training step with K=3 - Iter 21
pi: 
array([0.36509216, 0.63490784])
A: 
array([[0.82864928, 0.17135072],
       [0.12162369, 0.87837631]])
w: 
array([[0.30611786, 0.33615147, 0.35773067],
       [0.23389698, 0.37634145, 0.38976157]])
mu: 
array([[-0.59187438, -0.19614848, -0.02836427],
       [-2.55076542, -1.60437406, -1.16623232]])
sigma: 
array([[0.50126267, 0.27240794, 0.18952243],
       [1.87284583, 0.66288334, 0.40981677]])
phi: 
array([0., 0.])
upsilon: 
array([3.90721019e-06, 6.28722443e-02])
P(states|y): 
array([0.43988031, 0.56011969])


2018-05-14 19:36 - INFO - gmmhmm : 795 - Training with K=3 - iter #21 : logL -7568
2018-05-14 19:36 - DEBUG - gmmhmm : 554 - Training step with K=3 - Iter 22
pi: 
array([0.36527143, 0.63472857])
A: 
array([[0.82939097, 0.17060903],
       [0.12056534, 0.87943466]])
w: 
array([[0.30584538, 0.33551184, 0.35864278],
       [0.23090142, 0.37790518, 0.3911934 ]])
mu: 
array([[-0.60129488, -0.1949285 , -0.0217446 ],
       [-2.5572997 , -1.61310385, -1.15652106]])
sigma: 
array([[0.50348228, 0.27081635, 0.18683734],
       [1.87616645, 0.66685176, 0.40406275]])
phi: 
array([0., 0.])
upsilon: 
array([2.55114668e-06, 6.28957120e-02])
P(states|y): 
array([0.4387884, 0.5612116])


2018-05-14 19:36 - INFO - gmmhmm : 795 - Training with K=3 - iter #22 : logL -7567
2018-05-14 19:36 - DEBUG - gmmhmm : 554 - Training step with K=3 - Iter 23
pi: 
array([0.36548374, 0.63451626])
A: 
array([[0.83009294, 0.16990706],
       [0.11956072, 0.88043928]])
w: 
array([[0.30554082, 0.33493078, 0.3595284 ],
       [0.22792438, 0.37951375, 0.39256187]])
mu: 
array([[-0.61001415, -0.19401599, -0.01546545],
       [-2.56347818, -1.62235489, -1.14677811]])
sigma: 
array([[0.50554677, 0.26935119, 0.18434048],
       [1.88034844, 0.6704163 , 0.39819518]])
phi: 
array([0., 0.])
upsilon: 
array([1.66531521e-06, 6.29177593e-02])
P(states|y): 
array([0.43773749, 0.56226251])


2018-05-14 19:36 - INFO - gmmhmm : 795 - Training with K=3 - iter #23 : logL -7566
2018-05-14 19:36 - DEBUG - gmmhmm : 554 - Training step with K=3 - Iter 24
pi: 
array([0.36571063, 0.63428937])
A: 
array([[0.83074545, 0.16925455],
       [0.11861131, 0.88138869]])
w: 
array([[0.30519711, 0.33441088, 0.36039201],
       [0.22495758, 0.38117322, 0.3938692 ]])
mu: 
array([[-0.618039  , -0.19338169, -0.00950178],
       [-2.56934347, -1.63206156, -1.13702114]])
sigma: 
array([[0.50748685, 0.26799653, 0.18201028],
       [1.88539463, 0.6735218 , 0.39223895]])
phi: 
array([0., 0.])
upsilon: 
array([1.08691853e-06, 6.29385361e-02])
P(states|y): 
array([0.43671768, 0.56328232])


2018-05-14 19:36 - INFO - gmmhmm : 795 - Training with K=3 - iter #24 : logL -7565
2018-05-14 19:36 - DEBUG - gmmhmm : 554 - Training step with K=3 - Iter 25
pi: 
array([0.36593885, 0.63406115])
A: 
array([[0.83134247, 0.16865753],
       [0.1177175 , 0.8822825 ]])
w: 
array([[0.30480977, 0.33395321, 0.36123702],
       [0.22199479, 0.38288847, 0.39511674]])
mu: 
array([[-0.62539093, -0.19299913, -0.00383   ],
       [-2.57494214, -1.64215524, -1.12726963]])
sigma: 
array([[0.50933293, 0.26673857, 0.17982758],
       [1.89130009, 0.67611916, 0.38622041]])
phi: 
array([0., 0.])
upsilon: 
array([7.09349055e-07, 6.29581481e-02])
P(states|y): 
array([0.43572224, 0.56427776])


2018-05-14 19:36 - INFO - gmmhmm : 795 - Training with K=3 - iter #25 : logL -7564
2018-05-14 19:36 - DEBUG - gmmhmm : 554 - Training step with K=3 - Iter 26
pi: 
array([0.3661595, 0.6338405])
A: 
array([[0.83188095, 0.16811905],
       [0.1168788 , 0.8831212 ]])
w: 
array([[0.3043765 , 0.33355769, 0.3620658 ],
       [0.21903176, 0.38466305, 0.39630518]])
mu: 
array([[-6.32102179e-01, -1.92844497e-01,  1.57190169e-03],
       [-2.58032406e+00, -1.65256479e+00, -1.11754407e+00]])
sigma: 
array([[0.51111342, 0.26556555, 0.17777543],
       [1.89805159, 0.67816684, 0.38016656]])
phi: 
array([0., 0.])
upsilon: 
array([4.62905650e-07, 6.29766761e-02])
P(states|y): 
array([0.43474693, 0.56525307])


2018-05-14 19:36 - INFO - gmmhmm : 795 - Training with K=3 - iter #26 : logL -7563
2018-05-14 19:36 - DEBUG - gmmhmm : 554 - Training step with K=3 - Iter 27
pi: 
array([0.36636731, 0.63363269])
A: 
array([[0.83236015, 0.16763985],
       [0.11609411, 0.88390589]])
w: 
array([[0.30389691, 0.33322325, 0.36287985],
       [0.21606607, 0.38649905, 0.39743488]])
mu: 
array([[-0.6382122 , -0.19289652,  0.0067244 ],
       [-2.585542  , -1.66321757, -1.10786561]])
sigma: 
array([[0.51285364, 0.26446745, 0.17583887],
       [1.90562655, 0.67963185, 0.37410421]])
phi: 
array([0., 0.])
upsilon: 
array([3.02059694e-07, 6.29941845e-02])
P(states|y): 
array([0.43378962, 0.56621038])


2018-05-14 19:36 - INFO - gmmhmm : 795 - Training with K=3 - iter #27 : logL -7562
2018-05-14 19:36 - DEBUG - gmmhmm : 554 - Training step with K=3 - Iter 28
pi: 
array([0.36655982, 0.63344018])
A: 
array([[0.83278105, 0.16721895],
       [0.11536185, 0.88463815]])
w: 
array([[0.30337205, 0.33294803, 0.36367992],
       [0.21309697, 0.38839706, 0.39850597]])
mu: 
array([[-0.6437647 , -0.19313629,  0.01164645],
       [-2.59065016, -1.67404069, -1.09825541]])
sigma: 
array([[0.51457489, 0.26343574, 0.17400484],
       [1.91399317, 0.68049109, 0.36805912]])
phi: 
array([0., 0.])
upsilon: 
array([1.97086116e-07, 6.30107283e-02])
P(states|y): 
array([0.43284967, 0.56715033])


2018-05-14 19:36 - INFO - gmmhmm : 795 - Training with K=3 - iter #28 : logL -7561
2018-05-14 19:36 - DEBUG - gmmhmm : 554 - Training step with K=3 - Iter 29
pi: 
array([0.36673668, 0.63326332])
A: 
array([[0.83314587, 0.16685413],
       [0.11468014, 0.88531986]])
w: 
array([[0.30280414, 0.33272974, 0.36446612],
       [0.21012527, 0.39035607, 0.39951866]])
mu: 
array([[-0.64880519, -0.1935471 ,  0.01635546],
       [-2.59570362, -1.68496195, -1.08873434]])
sigma: 
array([[0.5162941 , 0.26246338, 0.17226194],
       [1.92310977, 0.68073193, 0.36205567]])
phi: 
array([0., 0.])
upsilon: 
array([1.28581428e-07, 6.30263558e-02])
P(states|y): 
array([0.43192763, 0.56807237])


2018-05-14 19:36 - INFO - gmmhmm : 795 - Training with K=3 - iter #29 : logL -7560
2018-05-14 19:36 - DEBUG - gmmhmm : 554 - Training step with K=3 - Iter 30
pi: 
array([0.36689903, 0.63310097])
A: 
array([[0.83345767, 0.16654233],
       [0.11404691, 0.88595309]])
w: 
array([[0.30219622, 0.33256577, 0.36523801],
       [0.20715316, 0.39237355, 0.40047329]])
mu: 
array([[-0.65337914, -0.19411428,  0.02086743],
       [-2.60075721, -1.69591111, -1.07932267]])
sigma: 
array([[0.51802382, 0.26154462, 0.17060034],
       [1.9329246 , 0.68035268, 0.3561162 ]])
phi: 
array([0., 0.])
upsilon: 
array([8.38801461e-08, 6.30411099e-02])
P(states|y): 
array([0.43102482, 0.56897518])


2018-05-14 19:36 - INFO - gmmhmm : 795 - Training with K=3 - iter #30 : logL -7560
2018-05-14 19:36 - DEBUG - gmmhmm : 554 - Training step with K=3 - Iter 31
pi: 
array([0.36704896, 0.63295104])
A: 
array([[0.83372005, 0.16627995],
       [0.11345997, 0.88654003]])
w: 
array([[0.30155193, 0.33245327, 0.3659948 ],
       [0.20418405, 0.39444537, 0.40137059]])
mu: 
array([[-0.65753041, -0.19482491,  0.025197  ],
       [-2.60586438, -1.70682104, -1.07003972]])
sigma: 
array([[0.51977241, 0.26067468, 0.16901156],
       [1.94337595, 0.67936249, 0.35026098]])
phi: 
array([0., 0.])
upsilon: 
array([5.47146686e-08, 6.30550304e-02])
P(states|y): 
array([0.430143, 0.569857])


2018-05-14 19:36 - INFO - gmmhmm : 795 - Training with K=3 - iter #31 : logL -7559
2018-05-14 19:36 - DEBUG - gmmhmm : 554 - Training step with K=3 - Iter 32
pi: 
array([0.36718904, 0.63281096])
A: 
array([[0.83393684, 0.16606316],
       [0.1129171 , 0.8870829 ]])
w: 
array([[0.30087525, 0.33238931, 0.36673544],
       [0.20122239, 0.39656592, 0.40221169]])
mu: 
array([[-0.66130035, -0.19566769,  0.02935756],
       [-2.61107622, -1.71762841, -1.06090402]])
sigma: 
array([[0.52154432, 0.25984973, 0.1674884 ],
       [1.95439257, 0.67778081, 0.34450802]])
phi: 
array([0., 0.])
upsilon: 
array([3.56880578e-08, 6.30681520e-02])
P(states|y): 
array([0.42928417, 0.57071583])


2018-05-14 19:36 - INFO - gmmhmm : 795 - Training with K=3 - iter #32 : logL -7558
2018-05-14 19:36 - DEBUG - gmmhmm : 554 - Training step with K=3 - Iter 33
pi: 
array([0.36732201, 0.63267799])
A: 
array([[0.83411199, 0.16588801],
       [0.11241605, 0.88758395]])
w: 
array([[0.3001703 , 0.33237109, 0.36745862],
       [0.19827354, 0.39872831, 0.40299816]])
mu: 
array([[-0.66472716, -0.19663265,  0.03336134],
       [-2.61644044, -1.72827476, -1.05193305]])
sigma: 
array([[0.52334067, 0.25906682, 0.16602467],
       [1.96589374, 0.6756367 , 0.33887305]])
phi: 
array([0., 0.])
upsilon: 
array([2.3277340e-08, 6.3080507e-02])
P(states|y): 
array([0.42845035, 0.57154965])


2018-05-14 19:36 - DEBUG - gmmhmm : 554 - Training step with K=2 - Iter 24
pi: 
array([0.36433882, 0.63566118])
A: 
array([[0.82870451, 0.17129549],
       [0.12061081, 0.87938919]])
w: 
array([[0.45356604, 0.54643396],
       [0.33596713, 0.66403287]])
mu: 
array([[-0.51136403, -0.04392429],
       [-2.3373025 , -1.30290991]])
sigma: 
array([[0.43812471, 0.19585878],
       [1.69975489, 0.49293504]])
phi: 
array([0., 0.])
upsilon: 
array([1.03125476e-06, 6.28352863e-02])
P(states|y): 
array([0.43780668, 0.56219332])


2018-05-14 19:36 - INFO - cli : 280 - Optimal K  ->              2
2018-05-14 19:36 - INFO - cli : 293 - Training                   ... done in 00:00:19
2018-05-14 19:36 - INFO - cli : 401 - Task                       ... done in 00:00:19
2018-05-14 19:36 - INFO - cli : 402 - Output written to  ->      /Users/mledda/Desktop/part
