2018-05-14 18:00 - DEBUG - cli : 137 - 
=========================================================
Running pattern mining with the following parameters:
=========================================================
A: None
GQ: None
GQ_type: 0
KL_div: 0.01
NAN: False
config: None
epsilon: 0.0001
fasta: None
forbid_N_pairs: False
input: /Users/mledda/Desktop/pars/KL_div/hiv_1M7_partitioned.shape
k: -1
log: True
maxiter: 100
min_density: 0
model: None
motif: None
mu: None
n_tasks: -1
no_cscores: False
no_prompt: True
nogmm: False
output: /Users/mledda/Desktop/full
path: None
phi: None
pi: None
posteriors: False
reference: None
sigma: None
upsilon: None
verbose: True
viterbi: False
w: None
=========================================================
2018-05-14 18:00 - INFO - gmmhmm : 1269 - Using 4 parallel processes
2018-05-14 18:00 - INFO - cli : 160 - Loading input data         
2018-05-14 18:00 - INFO - cli : 186 - Loading input data         ... done in 00:00:00
2018-05-14 18:00 - INFO - cli : 191 - Building the training set  
2018-05-14 18:00 - INFO - cli : 197 - Building the training set  ... done in 00:00:00
2018-05-14 18:00 - INFO - cli : 207 - Training set summary - 
       Initial transcripts        91
       Passed QC                  91
       Used transcripts           91
       # Data points (in GMM)     9150
       KL div                     0
2018-05-14 18:00 - DEBUG - gmmhmm : 554 - Training step with K=1 - Iter 0
pi: 
array([0.5, 0.5])
A: 
array([[0.71020019, 0.28979981],
       [0.19677996, 0.80322004]])
w: 
array([[1.],
       [1.]])
mu: 
array([[-0.46304658],
       [-1.3856094 ]], dtype=float32)
sigma: 
array([[1.2803508],
       [1.2803508]], dtype=float32)
phi: 
array([0.00125368, 0.00125368])
upsilon: 
array([0.07042407, 0.07042407])
P(states|y): 
array([0.5, 0.5])


2018-05-14 18:00 - INFO - gmmhmm : 795 - Training with K=1 - iter #0 : logL nan
2018-05-14 18:00 - DEBUG - gmmhmm : 554 - Training step with K=1 - Iter 1
pi: 
array([0.4814282, 0.5185718])
A: 
array([[0.73631793, 0.26368207],
       [0.18143963, 0.81856037]])
w: 
array([[1.],
       [1.]])
mu: 
array([[-0.51930712],
       [-1.44956928]])
sigma: 
array([[0.66673808],
       [1.38582213]])
phi: 
array([0.00118962, 0.00228855])
upsilon: 
array([0.02183086, 0.0500116 ])
P(states|y): 
array([0.41754158, 0.58245842])


2018-05-14 18:00 - INFO - gmmhmm : 795 - Training with K=1 - iter #1 : logL -1.537e+04
2018-05-14 18:00 - DEBUG - gmmhmm : 554 - Training step with K=1 - Iter 2
pi: 
array([0.50072365, 0.49927635])
A: 
array([[0.79013113, 0.20986887],
       [0.17784599, 0.82215401]])
w: 
array([[1.],
       [1.]])
mu: 
array([[-0.47530774],
       [-1.60457806]])
sigma: 
array([[0.47807308],
       [1.46598612]])
phi: 
array([0.00092559, 0.00231063])
upsilon: 
array([0.01132426, 0.05995445])
P(states|y): 
array([0.48296541, 0.51703459])


2018-05-14 18:00 - INFO - gmmhmm : 795 - Training with K=1 - iter #2 : logL -1.486e+04
2018-05-14 18:00 - DEBUG - gmmhmm : 554 - Training step with K=1 - Iter 3
pi: 
array([0.51701134, 0.48298866])
A: 
array([[0.82527616, 0.17472384],
       [0.16913729, 0.83086271]])
w: 
array([[1.],
       [1.]])
mu: 
array([[-0.44721367],
       [-1.72663135]])
sigma: 
array([[0.41822645],
       [1.41645664]])
phi: 
array([0.00080381, 0.00225316])
upsilon: 
array([0.00648062, 0.06457028])
P(states|y): 
array([0.52265588, 0.47734412])


2018-05-14 18:00 - INFO - gmmhmm : 795 - Training with K=1 - iter #3 : logL -1.452e+04
2018-05-14 18:00 - DEBUG - gmmhmm : 554 - Training step with K=1 - Iter 4
pi: 
array([0.52361844, 0.47638156])
A: 
array([[0.84132057, 0.15867943],
       [0.16072509, 0.83927491]])
w: 
array([[1.],
       [1.]])
mu: 
array([[-0.42900488],
       [-1.78199508]])
sigma: 
array([[0.40014724],
       [1.35314755]])
phi: 
array([0.00072593, 0.00223129])
upsilon: 
array([0.00434664, 0.06649821])
P(states|y): 
array([0.5363812, 0.4636188])


2018-05-14 18:00 - INFO - gmmhmm : 795 - Training with K=1 - iter #4 : logL -1.441e+04
2018-05-14 18:00 - DEBUG - gmmhmm : 554 - Training step with K=1 - Iter 5
pi: 
array([0.52437332, 0.47562668])
A: 
array([[0.84772216, 0.15227784],
       [0.15518032, 0.84481968]])
w: 
array([[1.],
       [1.]])
mu: 
array([[-0.41763404],
       [-1.79977915]])
sigma: 
array([[0.39386637],
       [1.31942794]])
phi: 
array([0.00068158, 0.00223955])
upsilon: 
array([0.00328149, 0.06742972])
P(states|y): 
array([0.53886365, 0.46113635])


2018-05-14 18:00 - INFO - gmmhmm : 795 - Training with K=1 - iter #5 : logL -1.438e+04
2018-05-14 18:00 - DEBUG - gmmhmm : 554 - Training step with K=1 - Iter 6
pi: 
array([0.52244548, 0.47755452])
A: 
array([[0.84992392, 0.15007608],
       [0.15176823, 0.84823177]])
w: 
array([[1.],
       [1.]])
mu: 
array([[-0.41064731],
       [-1.80191989]])
sigma: 
array([[0.39063518],
       [1.30509132]])
phi: 
array([0.00065728, 0.00225503])
upsilon: 
array([0.00265064, 0.06799491])
P(states|y): 
array([0.53737835, 0.46262165])


2018-05-14 18:00 - INFO - gmmhmm : 795 - Training with K=1 - iter #6 : logL -1.438e+04
2018-05-14 18:00 - DEBUG - gmmhmm : 554 - Training step with K=1 - Iter 7
pi: 
array([0.51949652, 0.48050348])
A: 
array([[0.85037372, 0.14962628],
       [0.14956282, 0.85043718]])
w: 
array([[1.],
       [1.]])
mu: 
array([[-0.40594237],
       [-1.79850281]])
sigma: 
array([[0.38827414],
       [1.29944432]])
phi: 
array([0.00064264, 0.00227   ])
upsilon: 
array([0.00221758, 0.06840117])
P(states|y): 
array([0.53468021, 0.46531979])


2018-05-14 18:00 - INFO - gmmhmm : 795 - Training with K=1 - iter #7 : logL -1.438e+04
2018-05-14 18:00 - DEBUG - gmmhmm : 554 - Training step with K=1 - Iter 8
pi: 
array([0.51631616, 0.48368384])
A: 
array([[0.85011478, 0.14988522],
       [0.14803464, 0.85196536]])
w: 
array([[1.],
       [1.]])
mu: 
array([[-0.40238248],
       [-1.79357716]])
sigma: 
array([[0.38625348],
       [1.29722683]])
phi: 
array([0.00063276, 0.0022829 ])
upsilon: 
array([0.00188992, 0.06871958])
P(states|y): 
array([0.53179219, 0.46820781])


2018-05-14 18:00 - DEBUG - gmmhmm : 554 - Training step with K=2 - Iter 0
pi: 
array([0.5, 0.5])
A: 
array([[0.71020019, 0.28979981],
       [0.19677996, 0.80322004]])
w: 
array([[0.5, 0.5],
       [0.5, 0.5]])
mu: 
array([[-0.6323516 , -0.11722331],
       [-1.893638  , -1.184546  ]], dtype=float32)
sigma: 
array([[1.2803508, 1.2803508],
       [1.2803508, 1.2803508]], dtype=float32)
phi: 
array([0.00125368, 0.00125368])
upsilon: 
array([0.07042407, 0.07042407])
P(states|y): 
array([0.5, 0.5])


2018-05-14 18:00 - INFO - gmmhmm : 795 - Training with K=2 - iter #0 : logL nan
2018-05-14 18:00 - DEBUG - gmmhmm : 554 - Training step with K=2 - Iter 1
pi: 
array([0.49456556, 0.50543444])
A: 
array([[0.75017612, 0.24982388],
       [0.18620989, 0.81379011]])
w: 
array([[0.51076123, 0.48923877],
       [0.49234988, 0.50765012]])
mu: 
array([[-0.60428936, -0.36790534],
       [-1.84651741, -1.17918062]])
sigma: 
array([[0.65744137, 0.59055265],
       [1.58832057, 0.94075661]])
phi: 
array([0.00120157, 0.0023186 ])
upsilon: 
array([0.02190257, 0.04988778])
P(states|y): 
array([0.43839853, 0.56160147])


2018-05-14 18:00 - INFO - gmmhmm : 795 - Training with K=2 - iter #1 : logL -1.543e+04
2018-05-14 18:00 - DEBUG - gmmhmm : 554 - Training step with K=2 - Iter 2
pi: 
array([0.50077831, 0.49922169])
A: 
array([[0.79689947, 0.20310053],
       [0.17518964, 0.82481036]])
w: 
array([[0.50417031, 0.49582969],
       [0.4977969 , 0.5022031 ]])
mu: 
array([[-0.54408703, -0.36277313],
       [-2.01003589, -1.26000788]])
sigma: 
array([[0.50431485, 0.42226174],
       [1.78566357, 0.77513184]])
phi: 
array([0.00092198, 0.00227518])
upsilon: 
array([0.01151707, 0.05971725])
P(states|y): 
array([0.48722913, 0.51277087])


2018-05-14 18:00 - INFO - gmmhmm : 795 - Training with K=2 - iter #2 : logL -1.468e+04
2018-05-14 18:00 - DEBUG - gmmhmm : 554 - Training step with K=2 - Iter 3
pi: 
array([0.49880147, 0.50119853])
A: 
array([[0.82591278, 0.17408722],
       [0.15964685, 0.84035315]])
w: 
array([[0.49807239, 0.50192761],
       [0.49202154, 0.50797846]])
mu: 
array([[-0.50032547, -0.33307395],
       [-2.11331233, -1.335621  ]])
sigma: 
array([[0.45549845, 0.36797392],
       [1.76749457, 0.65154643]])
phi: 
array([0.00076296, 0.0022787 ])
upsilon: 
array([0.00627185, 0.0647621 ])
P(states|y): 
array([0.50818813, 0.49181187])


2018-05-14 18:00 - INFO - gmmhmm : 795 - Training with K=2 - iter #3 : logL -1.436e+04
2018-05-14 18:00 - DEBUG - gmmhmm : 554 - Training step with K=2 - Iter 4
pi: 
array([0.49005208, 0.50994792])
A: 
array([[0.83922771, 0.16077229],
       [0.14781108, 0.85218892]])
w: 
array([[0.49355258, 0.50644742],
       [0.47833036, 0.52166964]])
mu: 
array([[-0.46980474, -0.3042262 ],
       [-2.16108505, -1.37601317]])
sigma: 
array([[0.43761776, 0.34181608],
       [1.75205699, 0.56246151]])
phi: 
array([0.000662  , 0.00231044])
upsilon: 
array([0.00384325, 0.06698021])
P(states|y): 
array([0.51079807, 0.48920193])


2018-05-14 18:00 - INFO - gmmhmm : 795 - Training with K=2 - iter #4 : logL -1.423e+04
2018-05-14 18:00 - DEBUG - gmmhmm : 554 - Training step with K=2 - Iter 5
pi: 
array([0.47854603, 0.52145397])
A: 
array([[0.84342062, 0.15657938],
       [0.14119245, 0.85880755]])
w: 
array([[0.4900475 , 0.5099525 ],
       [0.46217587, 0.53782413]])
mu: 
array([[-0.44997443, -0.28055512],
       [-2.1862081 , -1.39147366]])
sigma: 
array([[0.42933803, 0.32340306],
       [1.76750171, 0.50577294]])
phi: 
array([0.00060623, 0.00234922])
upsilon: 
array([0.00264772, 0.06802687])
P(states|y): 
array([0.50654502, 0.49345498])


2018-05-14 18:00 - INFO - gmmhmm : 795 - Training with K=2 - iter #5 : logL -1.417e+04
2018-05-14 18:00 - DEBUG - gmmhmm : 554 - Training step with K=2 - Iter 6
pi: 
array([0.4669165, 0.5330835])
A: 
array([[0.84318863, 0.15681137],
       [0.13802522, 0.86197478]])
w: 
array([[0.4870991, 0.5129009],
       [0.4466411, 0.5533589]])
mu: 
array([[-0.4375251 , -0.26103277],
       [-2.20424871, -1.3953387 ]])
sigma: 
array([[0.42474994, 0.30790721],
       [1.79268457, 0.47203332]])
phi: 
array([0.00057744, 0.0023815 ])
upsilon: 
array([0.00197327, 0.06861775])
P(states|y): 
array([0.5006199, 0.4993801])


2018-05-14 18:00 - INFO - gmmhmm : 795 - Training with K=2 - iter #6 : logL -1.414e+04
2018-05-14 18:00 - DEBUG - gmmhmm : 554 - Training step with K=2 - Iter 7
pi: 
array([0.4564288, 0.5435712])
A: 
array([[0.84113517, 0.15886483],
       [0.13668107, 0.86331893]])
w: 
array([[0.48447237, 0.51552763],
       [0.43273208, 0.56726792]])
mu: 
array([[-0.43002431, -0.24425472],
       [-2.22058519, -1.39451411]])
sigma: 
array([[0.42221827, 0.29429151],
       [1.81520382, 0.45264085]])
phi: 
array([0.00056283, 0.00240545])
upsilon: 
array([0.00153727, 0.06901161])
P(states|y): 
array([0.49488345, 0.50511655])


2018-05-14 18:00 - INFO - gmmhmm : 795 - Training with K=2 - iter #7 : logL -1.413e+04
2018-05-14 18:00 - DEBUG - gmmhmm : 554 - Training step with K=2 - Iter 8
pi: 
array([0.44747175, 0.55252825])
A: 
array([[0.83854661, 0.16145339],
       [0.13617575, 0.86382425]])
w: 
array([[0.48207585, 0.51792415],
       [0.42047342, 0.57952658]])
mu: 
array([[-0.4260667 , -0.22939543],
       [-2.23657854, -1.39187409]])
sigma: 
array([[0.421166  , 0.28229416],
       [1.83207797, 0.44195829]])
phi: 
array([0.00055545, 0.00242323])
upsilon: 
array([0.00122579, 0.0693046 ])
P(states|y): 
array([0.48983894, 0.51016106])


2018-05-14 18:00 - INFO - gmmhmm : 795 - Training with K=2 - iter #8 : logL -1.412e+04
2018-05-14 18:00 - DEBUG - gmmhmm : 554 - Training step with K=2 - Iter 9
pi: 
array([0.44001686, 0.55998314])
A: 
array([[0.83602442, 0.16397558],
       [0.13597741, 0.86402259]])
w: 
array([[0.47987959, 0.52012041],
       [0.40959907, 0.59040093]])
mu: 
array([[-0.4248073 , -0.21600499],
       [-2.25235189, -1.38857819]])
sigma: 
array([[0.42126903, 0.27176228],
       [1.8440872 , 0.43658476]])
phi: 
array([0.0005516 , 0.00243719])
upsilon: 
array([0.00098899, 0.06953698])
P(states|y): 
array([0.48551974, 0.51448026])


2018-05-14 18:00 - INFO - gmmhmm : 795 - Training with K=2 - iter #9 : logL -1.411e+04
2018-05-14 18:00 - DEBUG - gmmhmm : 554 - Training step with K=2 - Iter 10
pi: 
array([0.43388828, 0.56611172])
A: 
array([[0.83383129, 0.16616871],
       [0.13581817, 0.86418183]])
w: 
array([[0.4778728 , 0.5221272 ],
       [0.39982826, 0.60017174]])
mu: 
array([[-0.4256628 , -0.20381256],
       [-2.26778618, -1.38511766]])
sigma: 
array([[0.42226438, 0.26253654],
       [1.85273908, 0.43449765]])
phi: 
array([0.00054933, 0.00244893])
upsilon: 
array([0.00080253, 0.06972778])
P(states|y): 
array([0.48183541, 0.51816459])


2018-05-14 18:00 - INFO - gmmhmm : 795 - Training with K=2 - iter #10 : logL -1.41e+04
2018-05-14 18:00 - DEBUG - gmmhmm : 554 - Training step with K=2 - Iter 11
pi: 
array([0.4288825, 0.5711175])
A: 
array([[0.83206043, 0.16793957],
       [0.13557724, 0.86442276]])
w: 
array([[0.47604789, 0.52395211],
       [0.39093893, 0.60906107]])
mu: 
array([[-0.42818204, -0.19263643],
       [-2.28278307, -1.38171732]])
sigma: 
array([[0.42391458, 0.25445286],
       [1.85927904, 0.43448487]])
phi: 
array([0.00054762, 0.00245941])
upsilon: 
array([0.00065305, 0.06988721])
P(states|y): 
array([0.47868303, 0.52131697])


2018-05-14 18:00 - INFO - gmmhmm : 795 - Training with K=2 - iter #11 : logL -1.41e+04
2018-05-14 18:00 - DEBUG - gmmhmm : 554 - Training step with K=2 - Iter 12
pi: 
array([0.42481096, 0.57518904])
A: 
array([[0.83071931, 0.16928069],
       [0.13521311, 0.86478689]])
w: 
array([[0.47439614, 0.52560386],
       [0.3827696 , 0.6172304 ]])
mu: 
array([[-0.43199346, -0.18234661],
       [-2.29729695, -1.37848723]])
sigma: 
array([[0.42600763, 0.24735799],
       [1.86454214, 0.43580677]])
phi: 
array([0.00054598, 0.00246911])
upsilon: 
array([0.00053219, 0.0700215 ])
P(states|y): 
array([0.47597415, 0.52402585])


2018-05-14 18:00 - INFO - gmmhmm : 795 - Training with K=2 - iter #12 : logL -1.409e+04
2018-05-14 18:00 - DEBUG - gmmhmm : 554 - Training step with K=2 - Iter 13
pi: 
array([0.42151067, 0.57848933])
A: 
array([[0.82977329, 0.17022671],
       [0.13472468, 0.86527532]])
w: 
array([[0.47290723, 0.52709277],
       [0.37520435, 0.62479565]])
mu: 
array([[-0.43678151, -0.17284695],
       [-2.31131648, -1.37548258]])
sigma: 
array([[0.4283603 , 0.24111816],
       [1.86904277, 0.4380006 ]])
phi: 
array([0.00054418, 0.00247828])
upsilon: 
array([0.00043414, 0.07013507])
P(states|y): 
array([0.47363658, 0.52636342])


2018-05-14 18:00 - INFO - gmmhmm : 795 - Training with K=2 - iter #13 : logL -1.409e+04
2018-05-14 18:00 - DEBUG - gmmhmm : 554 - Training step with K=2 - Iter 14
pi: 
array([0.41884386, 0.58115614])
A: 
array([[0.82916923, 0.17083077],
       [0.1341295 , 0.8658705 ]])
w: 
array([[0.47156972, 0.52843028],
       [0.36815834, 0.63184166]])
mu: 
array([[-0.44227473, -0.16406463],
       [-2.32484596, -1.37272966]])
sigma: 
array([[0.43081951, 0.23562074],
       [1.87308764, 0.44076818]])
phi: 
array([0.00054217, 0.00248702])
upsilon: 
array([0.00035451, 0.07023134])
P(states|y): 
array([0.47161115, 0.52838885])


2018-05-14 18:00 - INFO - gmmhmm : 795 - Training with K=2 - iter #14 : logL -1.409e+04
2018-05-14 18:00 - DEBUG - gmmhmm : 554 - Training step with K=2 - Iter 15
pi: 
array([0.41669484, 0.58330516])
A: 
array([[0.82884856, 0.17115144],
       [0.13345206, 0.86654794]])
w: 
array([[0.47037185, 0.52962815],
       [0.36156717, 0.63843283]])
mu: 
array([[-0.44823943, -0.1559429 ],
       [-2.33789617, -1.37023844]])
sigma: 
array([[0.43326198, 0.23077202],
       [1.87685791, 0.44391138]])
phi: 
array([0.00053996, 0.00249534])
upsilon: 
array([0.00028984, 0.07031309])
P(states|y): 
array([0.46984862, 0.53015138])


2018-05-14 18:00 - INFO - gmmhmm : 795 - Training with K=2 - iter #15 : logL -1.408e+04
2018-05-14 18:00 - DEBUG - gmmhmm : 554 - Training step with K=2 - Iter 16
pi: 
array([0.41496651, 0.58503349])
A: 
array([[0.82875419, 0.17124581],
       [0.13271773, 0.86728227]])
w: 
array([[0.46930184, 0.53069816],
       [0.35538025, 0.64461975]])
mu: 
array([[-0.45447595, -0.14843577],
       [-2.35047938, -1.36800914]])
sigma: 
array([[0.43559214, 0.22649394],
       [1.88046197, 0.44729443]])
phi: 
array([0.00053758, 0.00250326])
upsilon: 
array([0.00023731, 0.07038268])
P(states|y): 
array([0.46830754, 0.53169246])


2018-05-14 18:00 - INFO - gmmhmm : 795 - Training with K=2 - iter #16 : logL -1.408e+04
2018-05-14 18:00 - DEBUG - gmmhmm : 554 - Training step with K=2 - Iter 17
pi: 
array([0.41357749, 0.58642251])
A: 
array([[0.8288341 , 0.1711659 ],
       [0.13194989, 0.86805011]])
w: 
array([[0.46834834, 0.53165166],
       [0.34955628, 0.65044372]])
mu: 
array([[-0.46081614, -0.1415042 ],
       [-2.36260865, -1.36603614]])
sigma: 
array([[0.43773988, 0.22272064],
       [1.88396534, 0.45082213]])
phi: 
array([0.00053509, 0.00251076])
upsilon: 
array([0.00019463, 0.07044204])
P(states|y): 
array([0.46695284, 0.53304716])


2018-05-14 18:00 - INFO - gmmhmm : 795 - Training with K=2 - iter #17 : logL -1.408e+04
2018-05-14 18:00 - DEBUG - gmmhmm : 554 - Training step with K=2 - Iter 18
pi: 
array([0.41245982, 0.58754018])
A: 
array([[0.82904289, 0.17095711],
       [0.1311687 , 0.8688313 ]])
w: 
array([[0.46750053, 0.53249947],
       [0.34406077, 0.65593923]])
mu: 
array([[-0.46712167, -0.13511342],
       [-2.37429762, -1.36431044]])
sigma: 
array([[0.4396574 , 0.21939566],
       [1.88740819, 0.45442611]])
phi: 
array([0.00053253, 0.00251782])
upsilon: 
array([0.00015992, 0.0704928 ])
P(states|y): 
array([0.46575499, 0.53424501])


2018-05-14 18:00 - INFO - gmmhmm : 795 - Training with K=2 - iter #18 : logL -1.408e+04
2018-05-14 18:00 - DEBUG - gmmhmm : 554 - Training step with K=2 - Iter 19
pi: 
array([0.4115571, 0.5884429])
A: 
array([[0.82934225, 0.17065775],
       [0.13039081, 0.86960919]])
w: 
array([[0.46674837, 0.53325163],
       [0.33886422, 0.66113578]])
mu: 
array([[-0.47328193, -0.1292311 ],
       [-2.38556072, -1.36282086]])
sigma: 
array([[0.44131624, 0.21646971],
       [1.8908151 , 0.45805673]])
phi: 
array([0.00052995, 0.00252443])
upsilon: 
array([0.00013166, 0.07053632])
P(states|y): 
array([0.46468925, 0.53531075])


2018-05-14 18:00 - INFO - gmmhmm : 795 - Training with K=2 - iter #19 : logL -1.407e+04
2018-05-14 18:00 - DEBUG - gmmhmm : 554 - Training step with K=2 - Iter 20
pi: 
array([0.41082299, 0.58917701])
A: 
array([[0.8297007 , 0.1702993 ],
       [0.12962942, 0.87037058]])
w: 
array([[0.46608256, 0.53391744],
       [0.33394106, 0.66605894]])
mu: 
array([[-0.47921192, -0.12382628],
       [-2.3964137 , -1.36155504]])
sigma: 
array([[0.44270376, 0.21389921],
       [1.89420046, 0.46167752]])
phi: 
array([0.0005274, 0.0025306])
upsilon: 
array([0.0001086, 0.0705737])
P(states|y): 
array([0.46373516, 0.53626484])


2018-05-14 18:00 - INFO - gmmhmm : 795 - Training with K=2 - iter #20 : logL -1.407e+04
2018-05-14 18:00 - DEBUG - gmmhmm : 554 - Training step with K=2 - Iter 21
pi: 
array([0.41021991, 0.58978009])
A: 
array([[0.83009307, 0.16990693],
       [0.12889468, 0.87110532]])
w: 
array([[0.46549472, 0.53450528],
       [0.3292688 , 0.6707312 ]])
mu: 
array([[-0.4848496 , -0.11886879],
       [-2.40687361, -1.36050021]])
sigma: 
array([[0.4438201 , 0.21164511],
       [1.89757205, 0.46526171]])
phi: 
array([0.0005249 , 0.00253631])
upsilon: 
array([8.97623204e-05, 7.06058818e-02])
P(states|y): 
array([0.462876, 0.537124])


2018-05-14 18:00 - INFO - gmmhmm : 795 - Training with K=2 - iter #21 : logL -1.407e+04
2018-05-14 18:00 - DEBUG - gmmhmm : 554 - Training step with K=2 - Iter 22
pi: 
array([0.40971782, 0.59028218])
A: 
array([[0.83049981, 0.16950019],
       [0.12819402, 0.87180598]])
w: 
array([[0.4649773, 0.5350227],
       [0.3248276, 0.6751724]])
mu: 
array([[-0.49015297, -0.11432909],
       [-2.41695849, -1.3596432 ]])
sigma: 
array([[0.44467497, 0.20967229],
       [1.9009331 , 0.46878957]])
phi: 
array([0.00052249, 0.00254157])
upsilon: 
array([7.43281915e-05, 7.06336128e-02])
P(states|y): 
array([0.46209825, 0.53790175])


2018-05-14 18:00 - DEBUG - gmmhmm : 554 - Training step with K=3 - Iter 0
pi: 
array([0.5, 0.5])
A: 
array([[0.71020019, 0.28979981],
       [0.19677996, 0.80322004]])
w: 
array([[0.33333333, 0.33333333, 0.33333333],
       [0.33333333, 0.33333333, 0.33333333]])
mu: 
array([[-0.7117695 , -0.34106603,  0.04666773],
       [-2.201347  , -1.5547428 , -1.0985224 ]], dtype=float32)
sigma: 
array([[1.2803508, 1.2803508, 1.2803508],
       [1.2803508, 1.2803508, 1.2803508]], dtype=float32)
phi: 
array([0.00125368, 0.00125368])
upsilon: 
array([0.07042407, 0.07042407])
P(states|y): 
array([0.5, 0.5])


2018-05-14 18:00 - INFO - gmmhmm : 795 - Training with K=3 - iter #0 : logL nan
2018-05-14 18:00 - DEBUG - gmmhmm : 554 - Training step with K=3 - Iter 1
pi: 
array([0.50197548, 0.49802452])
A: 
array([[0.75642151, 0.24357849],
       [0.18922717, 0.81077283]])
w: 
array([[0.34343136, 0.34037648, 0.31619216],
       [0.31605978, 0.33803509, 0.34590512]])
mu: 
array([[-0.64733122, -0.47171608, -0.31313836],
       [-2.11096101, -1.43511909, -1.10184602]])
sigma: 
array([[0.65955481, 0.57921026, 0.61806633],
       [1.74307757, 1.06840767, 0.83563326]])
phi: 
array([0.0012144 , 0.00232964])
upsilon: 
array([0.02206518, 0.04971371])
P(states|y): 
array([0.44915953, 0.55084047])


2018-05-14 18:00 - INFO - gmmhmm : 795 - Training with K=3 - iter #1 : logL -1.549e+04
2018-05-14 18:00 - DEBUG - gmmhmm : 554 - Training step with K=3 - Iter 2
pi: 
array([0.50278257, 0.49721743])
A: 
array([[0.79984638, 0.20015362],
       [0.17513837, 0.82486163]])
w: 
array([[0.33740478, 0.34446642, 0.31812881],
       [0.32242051, 0.33603069, 0.34154879]])
mu: 
array([[-0.57797799, -0.43680459, -0.32701971],
       [-2.28302329, -1.49886418, -1.18795708]])
sigma: 
array([[0.51908347, 0.43720007, 0.43034802],
       [2.01114388, 0.90873916, 0.69788076]])
phi: 
array([0.00093123, 0.00225568])
upsilon: 
array([0.01177742, 0.05944714])
P(states|y): 
array([0.4906872, 0.5093128])


2018-05-14 18:00 - INFO - gmmhmm : 795 - Training with K=3 - iter #2 : logL -1.463e+04
2018-05-14 18:00 - DEBUG - gmmhmm : 554 - Training step with K=3 - Iter 3
pi: 
array([0.49537286, 0.50462714])
A: 
array([[0.82676992, 0.17323008],
       [0.15784384, 0.84215616]])
w: 
array([[0.33140127, 0.3459183 , 0.32268043],
       [0.31909334, 0.33925341, 0.34165325]])
mu: 
array([[-0.52679465, -0.39474642, -0.29843403],
       [-2.38093832, -1.55632388, -1.26851904]])
sigma: 
array([[0.47355509, 0.39017668, 0.36864613],
       [2.00650611, 0.77624741, 0.60929001]])
phi: 
array([0.00075765, 0.00227845])
upsilon: 
array([0.00638591, 0.0646308 ])
P(states|y): 
array([0.50629626, 0.49370374])


2018-05-14 18:00 - INFO - gmmhmm : 795 - Training with K=3 - iter #3 : logL -1.431e+04
2018-05-14 18:00 - DEBUG - gmmhmm : 554 - Training step with K=3 - Iter 4
pi: 
array([0.48346395, 0.51653605])
A: 
array([[0.83899284, 0.16100716],
       [0.1459872 , 0.8540128 ]])
w: 
array([[0.32705851, 0.34650815, 0.32643334],
       [0.31004785, 0.34394389, 0.34600826]])
mu: 
array([[-0.49345937, -0.36154952, -0.27049774],
       [-2.42826652, -1.58008834, -1.31248704]])
sigma: 
array([[0.45591167, 0.367312  , 0.33682172],
       [2.00396229, 0.68714448, 0.54446974]])
phi: 
array([0.00065373, 0.00231879])
upsilon: 
array([0.00387612, 0.06691876])
P(states|y): 
array([0.50700293, 0.49299707])


2018-05-14 18:00 - INFO - gmmhmm : 795 - Training with K=3 - iter #4 : logL -1.418e+04
2018-05-14 18:00 - DEBUG - gmmhmm : 554 - Training step with K=3 - Iter 5
pi: 
array([0.4706302, 0.5293698])
A: 
array([[0.84235353, 0.15764647],
       [0.14001332, 0.85998668]])
w: 
array([[0.32392621, 0.34671026, 0.32936353],
       [0.30019587, 0.34818553, 0.35161859]])
mu: 
array([[-0.47398551, -0.33734913, -0.24817257],
       [-2.45667892, -1.58482789, -1.32933475]])
sigma: 
array([[0.44866386, 0.35240673, 0.31488486],
       [2.02406054, 0.63609551, 0.50306875]])
phi: 
array([0.00060094, 0.00235748])
upsilon: 
array([0.00265527, 0.06798632])
P(states|y): 
array([0.50241406, 0.49758594])


2018-05-14 18:00 - INFO - gmmhmm : 795 - Training with K=3 - iter #5 : logL -1.413e+04
2018-05-14 18:00 - DEBUG - gmmhmm : 554 - Training step with K=3 - Iter 6
pi: 
array([0.45880984, 0.54119016])
A: 
array([[0.84152716, 0.15847284],
       [0.13747943, 0.86252057]])
w: 
array([[0.32153432, 0.3466917 , 0.33177397],
       [0.2914843 , 0.35165156, 0.35686414]])
mu: 
array([[-0.46364137, -0.31928112, -0.23006896],
       [-2.47784027, -1.58309356, -1.33262322]])
sigma: 
array([[0.44623221, 0.34100941, 0.29760496],
       [2.0443285 , 0.6091996 , 0.47809668]])
phi: 
array([0.00057634, 0.00238732])
upsilon: 
array([0.00197188, 0.06858857])
P(states|y): 
array([0.49667014, 0.50332986])


2018-05-14 18:00 - INFO - gmmhmm : 795 - Training with K=3 - iter #6 : logL -1.411e+04
2018-05-14 18:00 - DEBUG - gmmhmm : 554 - Training step with K=3 - Iter 7
pi: 
array([0.44867206, 0.55132794])
A: 
array([[0.83916359, 0.16083641],
       [0.13651713, 0.86348287]])
w: 
array([[0.31961285, 0.34652374, 0.33386341],
       [0.28414442, 0.3544905 , 0.36136508]])
mu: 
array([[-0.45917258, -0.3051272 , -0.21464806],
       [-2.49570344, -1.58011602, -1.32981566]])
sigma: 
array([[0.4464978 , 0.33171542, 0.28330374],
       [2.05675455, 0.5960618 , 0.4627364 ]])
phi: 
array([0.00056508, 0.00240908])
upsilon: 
array([0.00152971, 0.06899515])
P(states|y): 
array([0.4911985, 0.5088015])


2018-05-14 18:00 - INFO - gmmhmm : 795 - Training with K=3 - iter #7 : logL -1.409e+04
2018-05-14 18:00 - DEBUG - gmmhmm : 554 - Training step with K=3 - Iter 8
pi: 
array([0.440237, 0.559763])
A: 
array([[0.83652245, 0.16347755],
       [0.13613314, 0.86386686]])
w: 
array([[0.31803161, 0.34624167, 0.33572672],
       [0.27790147, 0.3568971 , 0.36520143]])
mu: 
array([[-0.45870127, -0.29361975, -0.20102514],
       [-2.51162601, -1.57758594, -1.32427293]])
sigma: 
array([[0.44847617, 0.32395303, 0.27122953],
       [2.06231108, 0.59061881, 0.45267721]])
phi: 
array([0.00055969, 0.00242564])
upsilon: 
array([0.00121263, 0.06930146])
P(states|y): 
array([0.48636871, 0.51363129])


2018-05-14 18:00 - INFO - gmmhmm : 795 - Training with K=3 - iter #8 : logL -1.409e+04
2018-05-14 18:00 - DEBUG - gmmhmm : 554 - Training step with K=3 - Iter 9
pi: 
array([0.4333042, 0.5666958])
A: 
array([[0.83413616, 0.16586384],
       [0.1358706 , 0.8641294 ]])
w: 
array([[0.3167255 , 0.34586632, 0.33740817],
       [0.27245679, 0.35901418, 0.36852903]])
mu: 
array([[-0.46111137, -0.28403956, -0.1887207 ],
       [-2.52612961, -1.57597284, -1.31747831]])
sigma: 
array([[0.45160342, 0.3173983 , 0.26091527],
       [2.0637857 , 0.58956015, 0.4455117 ]])
phi: 
array([0.00055661, 0.00243924])
upsilon: 
array([0.00097138, 0.06954514])
P(states|y): 
array([0.48220457, 0.51779543])


2018-05-14 18:00 - INFO - gmmhmm : 795 - Training with K=3 - iter #9 : logL -1.408e+04
2018-05-14 18:00 - DEBUG - gmmhmm : 554 - Training step with K=3 - Iter 10
pi: 
array([0.42763736, 0.57236264])
A: 
array([[0.83219224, 0.16780776],
       [0.13554554, 0.86445446]])
w: 
array([[0.31565524, 0.3454125 , 0.33893226],
       [0.26759212, 0.36093377, 0.37147411]])
mu: 
array([[-0.46566676, -0.27594332, -0.17745385],
       [-2.53947474, -1.57537921, -1.31010886]])
sigma: 
array([[0.45549545, 0.31181914, 0.25201791],
       [2.06335343, 0.59109271, 0.439937  ]])
phi: 
array([0.00055427, 0.00245118])
upsilon: 
array([0.00078219, 0.06974382])
P(states|y): 
array([0.47863935, 0.52136065])


2018-05-14 18:00 - INFO - gmmhmm : 795 - Training with K=3 - iter #10 : logL -1.408e+04
2018-05-14 18:00 - DEBUG - gmmhmm : 554 - Training step with K=3 - Iter 11
pi: 
array([0.42302188, 0.57697812])
A: 
array([[0.83072167, 0.16927833],
       [0.13510203, 0.86489797]])
w: 
array([[0.31479126, 0.34489267, 0.34031607],
       [0.26316133, 0.36271448, 0.37412419]])
mu: 
array([[-0.47182984, -0.269034  , -0.16704431],
       [-2.55182908, -1.57580366, -1.30248596]])
sigma: 
array([[0.45986266, 0.30703471, 0.24427379],
       [2.06232835, 0.59422448, 0.43524289]])
phi: 
array([0.000552  , 0.00246211])
upsilon: 
array([0.00063172, 0.06990751])
P(states|y): 
array([0.4755927, 0.5244073])


2018-05-14 18:00 - INFO - gmmhmm : 795 - Training with K=3 - iter #11 : logL -1.407e+04
2018-05-14 18:00 - DEBUG - gmmhmm : 554 - Training step with K=3 - Iter 12
pi: 
array([0.41927554, 0.58072446])
A: 
array([[0.82968814, 0.17031186],
       [0.13453985, 0.86546015]])
w: 
array([[0.31410791, 0.34431855, 0.34157354],
       [0.25906558, 0.36439542, 0.376539  ]])
mu: 
array([[-0.47917739, -0.2631003 , -0.1573681 ],
       [-2.56331596, -1.57721484, -1.2947655 ]])
sigma: 
array([[0.46447722, 0.30290228, 0.23747915],
       [2.06142905, 0.59838321, 0.43103114]])
phi: 
array([0.00054956, 0.00247231])
upsilon: 
array([0.00051132, 0.07004299])
P(states|y): 
array([0.47298969, 0.52701031])


2018-05-14 18:00 - INFO - gmmhmm : 795 - Training with K=3 - iter #12 : logL -1.407e+04
2018-05-14 18:00 - DEBUG - gmmhmm : 554 - Training step with K=3 - Iter 13
pi: 
array([0.41624617, 0.58375383])
A: 
array([[0.82903011, 0.17096989],
       [0.13388012, 0.86611988]])
w: 
array([[0.3135814 , 0.34370153, 0.34271707],
       [0.25523487, 0.36600433, 0.3787608 ]])
mu: 
array([[-0.48736026, -0.2579855 , -0.14833586],
       [-2.5740312 , -1.57957204, -1.28702326]])
sigma: 
array([[0.46915822, 0.29930938, 0.23147662],
       [2.06103412, 0.60321877, 0.4270697 ]])
phi: 
array([0.00054692, 0.00248192])
upsilon: 
array([0.00041473, 0.07015544])
P(states|y): 
array([0.47076418, 0.52923582])


2018-05-14 18:00 - INFO - gmmhmm : 795 - Training with K=3 - iter #13 : logL -1.407e+04
2018-05-14 18:00 - DEBUG - gmmhmm : 554 - Training step with K=3 - Iter 14
pi: 
array([0.41380664, 0.58619336])
A: 
array([[0.82868031, 0.17131969],
       [0.13314971, 0.86685029]])
w: 
array([[0.31318919, 0.34305291, 0.34375791],
       [0.25161669, 0.36756222, 0.3808211 ]])
mu: 
array([[-0.4960833 , -0.2535699 , -0.13988052],
       [-2.5840521 , -1.58283037, -1.27929513]])
sigma: 
array([[0.4737638 , 0.2961676 , 0.22614373],
       [2.06134194, 0.60850171, 0.4232187 ]])
phi: 
array([0.0005441, 0.002491 ])
upsilon: 
array([0.00033716, 0.070249  ])
P(states|y): 
array([0.46885832, 0.53114168])


2018-05-14 18:00 - INFO - gmmhmm : 795 - Training with K=3 - iter #14 : logL -1.407e+04
2018-05-14 18:00 - DEBUG - gmmhmm : 554 - Training step with K=3 - Iter 15
pi: 
array([0.41185021, 0.58814979])
A: 
array([[0.82857458, 0.17142542],
       [0.13237451, 0.86762549]])
w: 
array([[0.31290982, 0.34238371, 0.34470647],
       [0.24816972, 0.36908581, 0.38274447]])
mu: 
array([[-0.5050953 , -0.2497596 , -0.13194987],
       [-2.59344322, -1.5869423 , -1.27159715]])
sigma: 
array([[0.47818593, 0.29340698, 0.22138397],
       [2.06245759, 0.61407056, 0.41939224]])
phi: 
array([0.00054115, 0.00249956])
upsilon: 
array([0.0002748 , 0.07032706])
P(states|y): 
array([0.46722158, 0.53277842])


2018-05-14 18:00 - INFO - gmmhmm : 795 - Training with K=3 - iter #15 : logL -1.406e+04
2018-05-14 18:00 - DEBUG - gmmhmm : 554 - Training step with K=3 - Iter 16
pi: 
array([0.41028707, 0.58971293])
A: 
array([[0.8286555 , 0.1713445 ],
       [0.13157714, 0.86842286]])
w: 
array([[0.31272313, 0.34170446, 0.34557241],
       [0.24486038, 0.37058896, 0.38455067]])
mu: 
array([[-0.51418416, -0.24647916, -0.1245016 ],
       [-2.60226045, -1.5918585 , -1.2639364 ]])
sigma: 
array([[0.48234646, 0.29097145, 0.21711984],
       [2.06443788, 0.61980361, 0.41553808]])
phi: 
array([0.00053815, 0.00250763])
upsilon: 
array([0.00022463, 0.07039236])
P(states|y): 
array([0.46581004, 0.53418996])


2018-05-14 18:00 - INFO - gmmhmm : 795 - Training with K=3 - iter #16 : logL -1.406e+04
2018-05-14 18:01 - DEBUG - gmmhmm : 554 - Training step with K=3 - Iter 17
pi: 
array([0.4090415, 0.5909585])
A: 
array([[0.8288735 , 0.1711265 ],
       [0.13077617, 0.86922383]])
w: 
array([[0.31261046, 0.34102482, 0.34636472],
       [0.24166071, 0.37208337, 0.38625592]])
mu: 
array([[-0.52317392, -0.24366657, -0.11750001],
       [-2.61055443, -1.59752748, -1.25631629]])
sigma: 
array([[0.48619353, 0.28881537, 0.21328776],
       [2.06731283, 0.62560333, 0.41162671]])
phi: 
array([0.00053513, 0.00251522])
upsilon: 
array([0.00018418, 0.07044716])
P(states|y): 
array([0.46458565, 0.53541435])


2018-05-14 18:01 - INFO - gmmhmm : 795 - Training with K=3 - iter #17 : logL -1.406e+04
2018-05-14 18:01 - DEBUG - gmmhmm : 554 - Training step with K=3 - Iter 18
pi: 
array([0.40804993, 0.59195007])
A: 
array([[0.82918701, 0.17081299],
       [0.12998642, 0.87001358]])
w: 
array([[0.31255489, 0.34035348, 0.34709163],
       [0.2385473 , 0.37357908, 0.38787362]])
mu: 
array([[-0.53192271, -0.24126975, -0.11091395],
       [-2.61837272, -1.60389586, -1.24873981]])
sigma: 
array([[0.48969797, 0.28690098, 0.20983447],
       [2.0710969 , 0.63138759, 0.40764446]])
phi: 
array([0.00053215, 0.00252234])
upsilon: 
array([0.00015152, 0.07049328])
P(states|y): 
array([0.4635159, 0.5364841])


2018-05-14 18:01 - INFO - gmmhmm : 795 - Training with K=3 - iter #18 : logL -1.406e+04
2018-05-14 18:01 - DEBUG - gmmhmm : 554 - Training step with K=3 - Iter 19
pi: 
array([0.40725922, 0.59274078])
A: 
array([[0.82956191, 0.17043809],
       [0.12921924, 0.87078076]])
w: 
array([[0.31254143, 0.33969789, 0.34776067],
       [0.23550047, 0.37508471, 0.38941481]])
mu: 
array([[-0.54032045, -0.23924405, -0.10471523],
       [-2.62576116, -1.61090803, -1.24121091]])
sigma: 
array([[0.49284934, 0.28519652, 0.20671448],
       [2.07579437, 0.63708477, 0.40358924]])
phi: 
array([0.00052923, 0.002529  ])
upsilon: 
array([0.00012508, 0.07053219])
P(states|y): 
array([0.46257321, 0.53742679])


2018-05-14 18:01 - INFO - gmmhmm : 795 - Training with K=3 - iter #19 : logL -1.406e+04
2018-05-14 18:01 - DEBUG - gmmhmm : 554 - Training step with K=3 - Iter 20
pi: 
array([0.4066254, 0.5933746])
A: 
array([[0.82997083, 0.17002917],
       [0.12848311, 0.87151689]])
w: 
array([[0.31255717, 0.33906414, 0.3483787 ],
       [0.23250381, 0.37660762, 0.39088857]])
mu: 
array([[-0.54828614, -0.23755058, -0.09887788],
       [-2.63276547, -1.61850612, -1.2337352 ]])
sigma: 
array([[0.49565245, 0.28367473, 0.20388845],
       [2.08140108, 0.64263083, 0.3994674 ]])
phi: 
array([0.0005264 , 0.00253521])
upsilon: 
array([0.0001036 , 0.07056506])
P(states|y): 
array([0.46173459, 0.53826541])


2018-05-14 18:01 - INFO - gmmhmm : 795 - Training with K=3 - iter #20 : logL -1.405e+04
2018-05-14 18:01 - DEBUG - gmmhmm : 554 - Training step with K=3 - Iter 21
pi: 
array([0.40611249, 0.59388751])
A: 
array([[0.83039237, 0.16960763],
       [0.12778402, 0.87221598]])
w: 
array([[0.31259126, 0.33845699, 0.34895175],
       [0.22954388, 0.37815389, 0.39230223]])
mu: 
array([[-0.55576464, -0.23615501, -0.0933776 ],
       [-2.63943126, -1.62663008, -1.22632004]])
sigma: 
array([[0.49812353, 0.28231215, 0.20132189],
       [2.08790617, 0.64796772, 0.3952914 ]])
phi: 
array([0.00052368, 0.002541  ])
upsilon: 
array([8.60997090e-05, 7.05928688e-02])
P(states|y): 
array([0.46098115, 0.53901885])


2018-05-14 18:01 - INFO - gmmhmm : 795 - Training with K=3 - iter #21 : logL -1.405e+04
2018-05-14 18:01 - DEBUG - gmmhmm : 554 - Training step with K=3 - Iter 22
pi: 
array([0.40569154, 0.59430846])
A: 
array([[0.83081027, 0.16918973],
       [0.12712598, 0.87287402]])
w: 
array([[0.31263493, 0.33787992, 0.34948516],
       [0.22660992, 0.37972844, 0.39366164]])
mu: 
array([[-0.56272308, -0.23502687, -0.08819147],
       [-2.64580472, -1.63521788, -1.21897434]])
sigma: 
array([[0.50028682, 0.28108832, 0.19898448],
       [2.09529167, 0.65304309, 0.39107774]])
phi: 
array([0.00052109, 0.00254637])
upsilon: 
array([7.17918385e-05, 7.06163886e-02])
P(states|y): 
array([0.46029761, 0.53970239])


2018-05-14 18:01 - DEBUG - gmmhmm : 554 - Training step with K=2 - Iter 22
pi: 
array([0.40971782, 0.59028218])
A: 
array([[0.83049981, 0.16950019],
       [0.12819402, 0.87180598]])
w: 
array([[0.4649773, 0.5350227],
       [0.3248276, 0.6751724]])
mu: 
array([[-0.49015297, -0.11432909],
       [-2.41695849, -1.3596432 ]])
sigma: 
array([[0.44467497, 0.20967229],
       [1.9009331 , 0.46878957]])
phi: 
array([0.00052249, 0.00254157])
upsilon: 
array([7.43281915e-05, 7.06336128e-02])
P(states|y): 
array([0.46209825, 0.53790175])


2018-05-14 18:01 - INFO - cli : 280 - Optimal K  ->              2
2018-05-14 18:01 - INFO - cli : 293 - Training                   ... done in 00:00:26
2018-05-14 18:01 - INFO - cli : 401 - Task                       ... done in 00:00:26
2018-05-14 18:01 - INFO - cli : 402 - Output written to  ->      /Users/mledda/Desktop/full
